{"C:\\Users\\서주리\\Desktop\\codes\\week12\\copy_spots_test\\app.js": {"path":"C:\\Users\\서주리\\Desktop\\codes\\week12\\copy_spots_test\\app.js","statementMap":{"0":{"start":{"line":1,"column":16},"end":{"line":1,"column":34}},"1":{"start":{"line":2,"column":13},"end":{"line":2,"column":28}},"2":{"start":{"line":3,"column":12},"end":{"line":3,"column":21}},"3":{"start":{"line":4,"column":13},"end":{"line":4,"column":35}},"4":{"start":{"line":5,"column":15},"end":{"line":5,"column":34}},"5":{"start":{"line":6,"column":13},"end":{"line":6,"column":17}},"6":{"start":{"line":7,"column":18},"end":{"line":7,"column":47}},"7":{"start":{"line":8,"column":20},"end":{"line":8,"column":52}},"8":{"start":{"line":10,"column":15},"end":{"line":10,"column":34}},"9":{"start":{"line":11,"column":21},"end":{"line":11,"column":45}},"10":{"start":{"line":12,"column":13},"end":{"line":12,"column":28}},"11":{"start":{"line":13,"column":31},"end":{"line":13,"column":80}},"12":{"start":{"line":15,"column":0},"end":{"line":15,"column":24}},"13":{"start":{"line":16,"column":0},"end":{"line":16,"column":49}},"14":{"start":{"line":17,"column":0},"end":{"line":17,"column":24}},"15":{"start":{"line":19,"column":0},"end":{"line":28,"column":2}},"16":{"start":{"line":30,"column":0},"end":{"line":30,"column":25}},"17":{"start":{"line":32,"column":0},"end":{"line":32,"column":21}},"18":{"start":{"line":34,"column":0},"end":{"line":34,"column":67}},"19":{"start":{"line":36,"column":0},"end":{"line":36,"column":32}},"20":{"start":{"line":38,"column":0},"end":{"line":40,"column":3}},"21":{"start":{"line":39,"column":2},"end":{"line":39,"column":31}},"22":{"start":{"line":42,"column":0},"end":{"line":42,"column":13}},"23":{"start":{"line":44,"column":0},"end":{"line":46,"column":3}},"24":{"start":{"line":45,"column":2},"end":{"line":45,"column":36}},"25":{"start":{"line":48,"column":0},"end":{"line":48,"column":21}}},"fnMap":{"0":{"name":"(anonymous_0)","decl":{"start":{"line":38,"column":13},"end":{"line":38,"column":14}},"loc":{"start":{"line":38,"column":27},"end":{"line":40,"column":1}},"line":38},"1":{"name":"(anonymous_1)","decl":{"start":{"line":44,"column":18},"end":{"line":44,"column":19}},"loc":{"start":{"line":44,"column":24},"end":{"line":46,"column":1}},"line":44}},"branchMap":{},"s":{"0":1,"1":1,"2":1,"3":1,"4":1,"5":1,"6":1,"7":1,"8":1,"9":1,"10":1,"11":1,"12":1,"13":1,"14":1,"15":1,"16":1,"17":1,"18":1,"19":1,"20":1,"21":0,"22":1,"23":1,"24":0,"25":1},"f":{"0":0,"1":0},"b":{},"_coverageSchema":"1a1c01bbd47fc00a2c39e90264f33305004495a9","hash":"c895aef5956fd2fa9bde66ed47ff496cb3d67af5"}
,"C:\\Users\\서주리\\Desktop\\codes\\week12\\copy_spots_test\\mail.js": {"path":"C:\\Users\\서주리\\Desktop\\codes\\week12\\copy_spots_test\\mail.js","statementMap":{"0":{"start":{"line":1,"column":19},"end":{"line":1,"column":40}},"1":{"start":{"line":2,"column":0},"end":{"line":2,"column":27}},"2":{"start":{"line":4,"column":18},"end":{"line":35,"column":1}},"3":{"start":{"line":5,"column":20},"end":{"line":15,"column":10}},"4":{"start":{"line":17,"column":22},"end":{"line":26,"column":9}},"5":{"start":{"line":28,"column":4},"end":{"line":34,"column":7}},"6":{"start":{"line":29,"column":8},"end":{"line":33,"column":9}},"7":{"start":{"line":30,"column":8},"end":{"line":30,"column":27}},"8":{"start":{"line":32,"column":8},"end":{"line":32,"column":52}},"9":{"start":{"line":37,"column":0},"end":{"line":37,"column":27}}},"fnMap":{"0":{"name":"(anonymous_0)","decl":{"start":{"line":4,"column":18},"end":{"line":4,"column":19}},"loc":{"start":{"line":4,"column":48},"end":{"line":35,"column":1}},"line":4},"1":{"name":"(anonymous_1)","decl":{"start":{"line":28,"column":38},"end":{"line":28,"column":39}},"loc":{"start":{"line":28,"column":61},"end":{"line":34,"column":5}},"line":28}},"branchMap":{"0":{"loc":{"start":{"line":29,"column":8},"end":{"line":33,"column":9}},"type":"if","locations":[{"start":{"line":29,"column":8},"end":{"line":33,"column":9}},{"start":{"line":31,"column":15},"end":{"line":33,"column":9}}],"line":29}},"s":{"0":1,"1":1,"2":1,"3":0,"4":0,"5":0,"6":0,"7":0,"8":0,"9":1},"f":{"0":0,"1":0},"b":{"0":[0,0]},"_coverageSchema":"1a1c01bbd47fc00a2c39e90264f33305004495a9","hash":"ce962b88961cd6d01f811a8275da84050b663f4c"}
,"C:\\Users\\서주리\\Desktop\\codes\\week12\\copy_spots_test\\socket.js": {"path":"C:\\Users\\서주리\\Desktop\\codes\\week12\\copy_spots_test\\socket.js","statementMap":{"0":{"start":{"line":1,"column":17},"end":{"line":1,"column":37}},"1":{"start":{"line":3,"column":0},"end":{"line":111,"column":2}},"2":{"start":{"line":4,"column":13},"end":{"line":4,"column":27}},"3":{"start":{"line":10,"column":8},"end":{"line":10,"column":10}},"4":{"start":{"line":11,"column":24},"end":{"line":11,"column":26}},"5":{"start":{"line":12,"column":4},"end":{"line":16,"column":7}},"6":{"start":{"line":13,"column":6},"end":{"line":15,"column":7}},"7":{"start":{"line":14,"column":8},"end":{"line":14,"column":30}},"8":{"start":{"line":17,"column":4},"end":{"line":17,"column":23}},"9":{"start":{"line":25,"column":8},"end":{"line":25,"column":10}},"10":{"start":{"line":26,"column":21},"end":{"line":26,"column":23}},"11":{"start":{"line":27,"column":4},"end":{"line":29,"column":7}},"12":{"start":{"line":28,"column":6},"end":{"line":28,"column":25}},"13":{"start":{"line":30,"column":4},"end":{"line":30,"column":20}},"14":{"start":{"line":38,"column":8},"end":{"line":38,"column":10}},"15":{"start":{"line":39,"column":19},"end":{"line":39,"column":21}},"16":{"start":{"line":40,"column":4},"end":{"line":44,"column":7}},"17":{"start":{"line":41,"column":6},"end":{"line":43,"column":7}},"18":{"start":{"line":42,"column":8},"end":{"line":42,"column":25}},"19":{"start":{"line":45,"column":4},"end":{"line":45,"column":18}},"20":{"start":{"line":50,"column":4},"end":{"line":50,"column":56}},"21":{"start":{"line":53,"column":2},"end":{"line":110,"column":5}},"22":{"start":{"line":54,"column":21},"end":{"line":54,"column":30}},"23":{"start":{"line":55,"column":4},"end":{"line":55,"column":26}},"24":{"start":{"line":56,"column":18},"end":{"line":56,"column":28}},"25":{"start":{"line":57,"column":4},"end":{"line":57,"column":45}},"26":{"start":{"line":59,"column":4},"end":{"line":59,"column":41}},"27":{"start":{"line":60,"column":4},"end":{"line":70,"column":6}},"28":{"start":{"line":61,"column":22},"end":{"line":61,"column":37}},"29":{"start":{"line":62,"column":37},"end":{"line":62,"column":44}},"30":{"start":{"line":63,"column":27},"end":{"line":63,"column":45}},"31":{"start":{"line":64,"column":21},"end":{"line":64,"column":25}},"32":{"start":{"line":65,"column":19},"end":{"line":65,"column":60}},"33":{"start":{"line":66,"column":22},"end":{"line":66,"column":48}},"34":{"start":{"line":67,"column":21},"end":{"line":67,"column":52}},"35":{"start":{"line":68,"column":6},"end":{"line":68,"column":42}},"36":{"start":{"line":69,"column":6},"end":{"line":69,"column":57}},"37":{"start":{"line":82,"column":4},"end":{"line":89,"column":7}},"38":{"start":{"line":83,"column":6},"end":{"line":83,"column":24}},"39":{"start":{"line":84,"column":23},"end":{"line":84,"column":27}},"40":{"start":{"line":85,"column":23},"end":{"line":85,"column":30}},"41":{"start":{"line":86,"column":22},"end":{"line":86,"column":68}},"42":{"start":{"line":87,"column":19},"end":{"line":87,"column":50}},"43":{"start":{"line":88,"column":6},"end":{"line":88,"column":56}},"44":{"start":{"line":91,"column":4},"end":{"line":96,"column":7}},"45":{"start":{"line":92,"column":22},"end":{"line":92,"column":37}},"46":{"start":{"line":93,"column":44},"end":{"line":93,"column":51}},"47":{"start":{"line":94,"column":19},"end":{"line":94,"column":57}},"48":{"start":{"line":95,"column":6},"end":{"line":95,"column":56}},"49":{"start":{"line":98,"column":4},"end":{"line":104,"column":7}},"50":{"start":{"line":100,"column":23},"end":{"line":100,"column":44}},"51":{"start":{"line":101,"column":22},"end":{"line":101,"column":47}},"52":{"start":{"line":102,"column":23},"end":{"line":102,"column":32}},"53":{"start":{"line":103,"column":6},"end":{"line":103,"column":59}},"54":{"start":{"line":106,"column":4},"end":{"line":109,"column":7}},"55":{"start":{"line":108,"column":6},"end":{"line":108,"column":32}}},"fnMap":{"0":{"name":"(anonymous_0)","decl":{"start":{"line":3,"column":17},"end":{"line":3,"column":18}},"loc":{"start":{"line":3,"column":27},"end":{"line":111,"column":1}},"line":3},"1":{"name":"publicRooms","decl":{"start":{"line":5,"column":11},"end":{"line":5,"column":22}},"loc":{"start":{"line":5,"column":25},"end":{"line":18,"column":3}},"line":5},"2":{"name":"(anonymous_2)","decl":{"start":{"line":12,"column":18},"end":{"line":12,"column":19}},"loc":{"start":{"line":12,"column":30},"end":{"line":16,"column":5}},"line":12},"3":{"name":"findUser","decl":{"start":{"line":20,"column":11},"end":{"line":20,"column":19}},"loc":{"start":{"line":20,"column":22},"end":{"line":31,"column":3}},"line":20},"4":{"name":"(anonymous_4)","decl":{"start":{"line":27,"column":17},"end":{"line":27,"column":18}},"loc":{"start":{"line":27,"column":31},"end":{"line":29,"column":5}},"line":27},"5":{"name":"findRoom","decl":{"start":{"line":33,"column":11},"end":{"line":33,"column":19}},"loc":{"start":{"line":33,"column":26},"end":{"line":46,"column":3}},"line":33},"6":{"name":"(anonymous_6)","decl":{"start":{"line":40,"column":17},"end":{"line":40,"column":18}},"loc":{"start":{"line":40,"column":31},"end":{"line":44,"column":5}},"line":40},"7":{"name":"countRoom","decl":{"start":{"line":49,"column":11},"end":{"line":49,"column":20}},"loc":{"start":{"line":49,"column":31},"end":{"line":51,"column":3}},"line":49},"8":{"name":"(anonymous_8)","decl":{"start":{"line":53,"column":22},"end":{"line":53,"column":23}},"loc":{"start":{"line":53,"column":34},"end":{"line":110,"column":3}},"line":53},"9":{"name":"(anonymous_9)","decl":{"start":{"line":60,"column":25},"end":{"line":60,"column":26}},"loc":{"start":{"line":60,"column":34},"end":{"line":70,"column":5}},"line":60},"10":{"name":"(anonymous_10)","decl":{"start":{"line":82,"column":34},"end":{"line":82,"column":35}},"loc":{"start":{"line":82,"column":44},"end":{"line":89,"column":5}},"line":82},"11":{"name":"(anonymous_11)","decl":{"start":{"line":91,"column":26},"end":{"line":91,"column":27}},"loc":{"start":{"line":91,"column":35},"end":{"line":96,"column":5}},"line":91},"12":{"name":"(anonymous_12)","decl":{"start":{"line":98,"column":31},"end":{"line":98,"column":32}},"loc":{"start":{"line":98,"column":37},"end":{"line":104,"column":5}},"line":98},"13":{"name":"(anonymous_13)","decl":{"start":{"line":106,"column":28},"end":{"line":106,"column":29}},"loc":{"start":{"line":106,"column":34},"end":{"line":109,"column":5}},"line":106}},"branchMap":{"0":{"loc":{"start":{"line":13,"column":6},"end":{"line":15,"column":7}},"type":"if","locations":[{"start":{"line":13,"column":6},"end":{"line":15,"column":7}},{"start":{},"end":{}}],"line":13},"1":{"loc":{"start":{"line":41,"column":6},"end":{"line":43,"column":7}},"type":"if","locations":[{"start":{"line":41,"column":6},"end":{"line":43,"column":7}},{"start":{},"end":{}}],"line":41}},"s":{"0":1,"1":1,"2":1,"3":0,"4":0,"5":0,"6":0,"7":0,"8":0,"9":0,"10":0,"11":0,"12":0,"13":0,"14":0,"15":0,"16":0,"17":0,"18":0,"19":0,"20":0,"21":1,"22":0,"23":0,"24":0,"25":0,"26":0,"27":0,"28":0,"29":0,"30":0,"31":0,"32":0,"33":0,"34":0,"35":0,"36":0,"37":0,"38":0,"39":0,"40":0,"41":0,"42":0,"43":0,"44":0,"45":0,"46":0,"47":0,"48":0,"49":0,"50":0,"51":0,"52":0,"53":0,"54":0,"55":0},"f":{"0":1,"1":0,"2":0,"3":0,"4":0,"5":0,"6":0,"7":0,"8":0,"9":0,"10":0,"11":0,"12":0,"13":0},"b":{"0":[0,0],"1":[0,0]},"_coverageSchema":"1a1c01bbd47fc00a2c39e90264f33305004495a9","hash":"b935d3dcfc9063e997a32dd1c20f29f35993e065"}
,"C:\\Users\\서주리\\Desktop\\codes\\week12\\copy_spots_test\\config\\config.js": {"path":"C:\\Users\\서주리\\Desktop\\codes\\week12\\copy_spots_test\\config\\config.js","statementMap":{"0":{"start":{"line":1,"column":0},"end":{"line":1,"column":27}},"1":{"start":{"line":3,"column":20},"end":{"line":9,"column":1}},"2":{"start":{"line":10,"column":13},"end":{"line":16,"column":1}},"3":{"start":{"line":17,"column":19},"end":{"line":23,"column":1}},"4":{"start":{"line":25,"column":0},"end":{"line":25,"column":51}}},"fnMap":{},"branchMap":{},"s":{"0":2,"1":2,"2":2,"3":2,"4":2},"f":{},"b":{},"_coverageSchema":"1a1c01bbd47fc00a2c39e90264f33305004495a9","hash":"cb8dcb4ef91ce3b2e11edec58df3d66f6f72a669"}
,"C:\\Users\\서주리\\Desktop\\codes\\week12\\copy_spots_test\\controllers\\placesController.js": {"path":"C:\\Users\\서주리\\Desktop\\codes\\week12\\copy_spots_test\\controllers\\placesController.js","statementMap":{"0":{"start":{"line":1,"column":22},"end":{"line":1,"column":58}},"1":{"start":{"line":4,"column":18},"end":{"line":4,"column":37}},"2":{"start":{"line":7,"column":16},"end":{"line":43,"column":3}},"3":{"start":{"line":9,"column":4},"end":{"line":42,"column":5}},"4":{"start":{"line":11,"column":24},"end":{"line":11,"column":39}},"5":{"start":{"line":12,"column":81},"end":{"line":12,"column":89}},"6":{"start":{"line":14,"column":18},"end":{"line":14,"column":20}},"7":{"start":{"line":15,"column":8},"end":{"line":15,"column":85}},"8":{"start":{"line":17,"column":27},"end":{"line":29,"column":7}},"9":{"start":{"line":31,"column":5},"end":{"line":31,"column":78}},"10":{"start":{"line":34,"column":6},"end":{"line":40,"column":7}},"11":{"start":{"line":35,"column":8},"end":{"line":35,"column":72}},"12":{"start":{"line":36,"column":13},"end":{"line":40,"column":7}},"13":{"start":{"line":37,"column":8},"end":{"line":37,"column":73}},"14":{"start":{"line":38,"column":13},"end":{"line":40,"column":7}},"15":{"start":{"line":39,"column":8},"end":{"line":39,"column":74}},"16":{"start":{"line":46,"column":17},"end":{"line":56,"column":3}},"17":{"start":{"line":48,"column":4},"end":{"line":55,"column":5}},"18":{"start":{"line":49,"column":19},"end":{"line":49,"column":58}},"19":{"start":{"line":51,"column":4},"end":{"line":51,"column":43}},"20":{"start":{"line":54,"column":6},"end":{"line":54,"column":68}},"21":{"start":{"line":59,"column":20},"end":{"line":69,"column":3}},"22":{"start":{"line":61,"column":4},"end":{"line":68,"column":5}},"23":{"start":{"line":62,"column":25},"end":{"line":62,"column":67}},"24":{"start":{"line":64,"column":4},"end":{"line":64,"column":49}},"25":{"start":{"line":67,"column":6},"end":{"line":67,"column":68}},"26":{"start":{"line":73,"column":18},"end":{"line":83,"column":3}},"27":{"start":{"line":75,"column":4},"end":{"line":82,"column":5}},"28":{"start":{"line":76,"column":19},"end":{"line":76,"column":59}},"29":{"start":{"line":78,"column":4},"end":{"line":78,"column":43}},"30":{"start":{"line":81,"column":6},"end":{"line":81,"column":68}},"31":{"start":{"line":88,"column":18},"end":{"line":99,"column":3}},"32":{"start":{"line":90,"column":4},"end":{"line":98,"column":5}},"33":{"start":{"line":91,"column":26},"end":{"line":91,"column":41}},"34":{"start":{"line":92,"column":21},"end":{"line":92,"column":68}},"35":{"start":{"line":94,"column":4},"end":{"line":94,"column":43}},"36":{"start":{"line":97,"column":6},"end":{"line":97,"column":68}},"37":{"start":{"line":104,"column":14},"end":{"line":115,"column":3}},"38":{"start":{"line":106,"column":4},"end":{"line":114,"column":5}},"39":{"start":{"line":107,"column":23},"end":{"line":107,"column":33}},"40":{"start":{"line":108,"column":19},"end":{"line":108,"column":61}},"41":{"start":{"line":110,"column":4},"end":{"line":110,"column":43}},"42":{"start":{"line":113,"column":6},"end":{"line":113,"column":68}},"43":{"start":{"line":120,"column":15},"end":{"line":131,"column":3}},"44":{"start":{"line":122,"column":4},"end":{"line":130,"column":5}},"45":{"start":{"line":123,"column":25},"end":{"line":123,"column":35}},"46":{"start":{"line":124,"column":20},"end":{"line":124,"column":65}},"47":{"start":{"line":126,"column":4},"end":{"line":126,"column":44}},"48":{"start":{"line":129,"column":6},"end":{"line":129,"column":111}},"49":{"start":{"line":137,"column":17},"end":{"line":157,"column":3}},"50":{"start":{"line":139,"column":4},"end":{"line":156,"column":5}},"51":{"start":{"line":140,"column":27},"end":{"line":140,"column":37}},"52":{"start":{"line":141,"column":26},"end":{"line":141,"column":41}},"53":{"start":{"line":142,"column":75},"end":{"line":142,"column":83}},"54":{"start":{"line":146,"column":29},"end":{"line":150,"column":9}},"55":{"start":{"line":152,"column":4},"end":{"line":152,"column":80}},"56":{"start":{"line":155,"column":6},"end":{"line":155,"column":68}},"57":{"start":{"line":163,"column":17},"end":{"line":176,"column":3}},"58":{"start":{"line":165,"column":4},"end":{"line":175,"column":5}},"59":{"start":{"line":166,"column":27},"end":{"line":166,"column":37}},"60":{"start":{"line":167,"column":26},"end":{"line":167,"column":41}},"61":{"start":{"line":169,"column":27},"end":{"line":169,"column":83}},"62":{"start":{"line":171,"column":6},"end":{"line":171,"column":59}},"63":{"start":{"line":174,"column":6},"end":{"line":174,"column":68}},"64":{"start":{"line":182,"column":17},"end":{"line":194,"column":3}},"65":{"start":{"line":185,"column":4},"end":{"line":193,"column":5}},"66":{"start":{"line":186,"column":19},"end":{"line":186,"column":58}},"67":{"start":{"line":188,"column":4},"end":{"line":188,"column":43}},"68":{"start":{"line":192,"column":6},"end":{"line":192,"column":68}},"69":{"start":{"line":199,"column":18},"end":{"line":211,"column":3}},"70":{"start":{"line":202,"column":4},"end":{"line":210,"column":5}},"71":{"start":{"line":203,"column":27},"end":{"line":203,"column":37}},"72":{"start":{"line":204,"column":19},"end":{"line":204,"column":69}},"73":{"start":{"line":206,"column":4},"end":{"line":206,"column":43}},"74":{"start":{"line":209,"column":6},"end":{"line":209,"column":68}},"75":{"start":{"line":216,"column":18},"end":{"line":228,"column":3}},"76":{"start":{"line":219,"column":4},"end":{"line":227,"column":5}},"77":{"start":{"line":220,"column":23},"end":{"line":220,"column":33}},"78":{"start":{"line":221,"column":19},"end":{"line":221,"column":65}},"79":{"start":{"line":223,"column":4},"end":{"line":223,"column":43}},"80":{"start":{"line":226,"column":6},"end":{"line":226,"column":68}},"81":{"start":{"line":231,"column":0},"end":{"line":231,"column":34}}},"fnMap":{"0":{"name":"(anonymous_0)","decl":{"start":{"line":7,"column":16},"end":{"line":7,"column":17}},"loc":{"start":{"line":7,"column":42},"end":{"line":43,"column":3}},"line":7},"1":{"name":"(anonymous_1)","decl":{"start":{"line":46,"column":17},"end":{"line":46,"column":18}},"loc":{"start":{"line":46,"column":43},"end":{"line":56,"column":3}},"line":46},"2":{"name":"(anonymous_2)","decl":{"start":{"line":59,"column":20},"end":{"line":59,"column":21}},"loc":{"start":{"line":59,"column":46},"end":{"line":69,"column":3}},"line":59},"3":{"name":"(anonymous_3)","decl":{"start":{"line":73,"column":18},"end":{"line":73,"column":19}},"loc":{"start":{"line":73,"column":44},"end":{"line":83,"column":3}},"line":73},"4":{"name":"(anonymous_4)","decl":{"start":{"line":88,"column":18},"end":{"line":88,"column":19}},"loc":{"start":{"line":88,"column":44},"end":{"line":99,"column":3}},"line":88},"5":{"name":"(anonymous_5)","decl":{"start":{"line":104,"column":14},"end":{"line":104,"column":15}},"loc":{"start":{"line":104,"column":40},"end":{"line":115,"column":3}},"line":104},"6":{"name":"(anonymous_6)","decl":{"start":{"line":120,"column":15},"end":{"line":120,"column":16}},"loc":{"start":{"line":120,"column":41},"end":{"line":131,"column":3}},"line":120},"7":{"name":"(anonymous_7)","decl":{"start":{"line":137,"column":17},"end":{"line":137,"column":18}},"loc":{"start":{"line":137,"column":43},"end":{"line":157,"column":3}},"line":137},"8":{"name":"(anonymous_8)","decl":{"start":{"line":163,"column":17},"end":{"line":163,"column":18}},"loc":{"start":{"line":163,"column":43},"end":{"line":176,"column":3}},"line":163},"9":{"name":"(anonymous_9)","decl":{"start":{"line":182,"column":17},"end":{"line":182,"column":18}},"loc":{"start":{"line":182,"column":43},"end":{"line":194,"column":3}},"line":182},"10":{"name":"(anonymous_10)","decl":{"start":{"line":199,"column":18},"end":{"line":199,"column":19}},"loc":{"start":{"line":199,"column":44},"end":{"line":211,"column":3}},"line":199},"11":{"name":"(anonymous_11)","decl":{"start":{"line":216,"column":18},"end":{"line":216,"column":19}},"loc":{"start":{"line":216,"column":44},"end":{"line":228,"column":3}},"line":216}},"branchMap":{"0":{"loc":{"start":{"line":15,"column":8},"end":{"line":15,"column":85}},"type":"cond-expr","locations":[{"start":{"line":15,"column":45},"end":{"line":15,"column":57}},{"start":{"line":15,"column":60},"end":{"line":15,"column":85}}],"line":15},"1":{"loc":{"start":{"line":34,"column":6},"end":{"line":40,"column":7}},"type":"if","locations":[{"start":{"line":34,"column":6},"end":{"line":40,"column":7}},{"start":{"line":36,"column":13},"end":{"line":40,"column":7}}],"line":34},"2":{"loc":{"start":{"line":36,"column":13},"end":{"line":40,"column":7}},"type":"if","locations":[{"start":{"line":36,"column":13},"end":{"line":40,"column":7}},{"start":{"line":38,"column":13},"end":{"line":40,"column":7}}],"line":36},"3":{"loc":{"start":{"line":38,"column":13},"end":{"line":40,"column":7}},"type":"if","locations":[{"start":{"line":38,"column":13},"end":{"line":40,"column":7}},{"start":{},"end":{}}],"line":38},"4":{"loc":{"start":{"line":54,"column":17},"end":{"line":54,"column":37}},"type":"binary-expr","locations":[{"start":{"line":54,"column":17},"end":{"line":54,"column":31}},{"start":{"line":54,"column":34},"end":{"line":54,"column":37}}],"line":54},"5":{"loc":{"start":{"line":67,"column":17},"end":{"line":67,"column":37}},"type":"binary-expr","locations":[{"start":{"line":67,"column":17},"end":{"line":67,"column":31}},{"start":{"line":67,"column":34},"end":{"line":67,"column":37}}],"line":67},"6":{"loc":{"start":{"line":81,"column":17},"end":{"line":81,"column":37}},"type":"binary-expr","locations":[{"start":{"line":81,"column":17},"end":{"line":81,"column":31}},{"start":{"line":81,"column":34},"end":{"line":81,"column":37}}],"line":81},"7":{"loc":{"start":{"line":97,"column":17},"end":{"line":97,"column":37}},"type":"binary-expr","locations":[{"start":{"line":97,"column":17},"end":{"line":97,"column":31}},{"start":{"line":97,"column":34},"end":{"line":97,"column":37}}],"line":97},"8":{"loc":{"start":{"line":113,"column":17},"end":{"line":113,"column":37}},"type":"binary-expr","locations":[{"start":{"line":113,"column":17},"end":{"line":113,"column":31}},{"start":{"line":113,"column":34},"end":{"line":113,"column":37}}],"line":113},"9":{"loc":{"start":{"line":129,"column":17},"end":{"line":129,"column":37}},"type":"binary-expr","locations":[{"start":{"line":129,"column":17},"end":{"line":129,"column":31}},{"start":{"line":129,"column":34},"end":{"line":129,"column":37}}],"line":129},"10":{"loc":{"start":{"line":155,"column":17},"end":{"line":155,"column":37}},"type":"binary-expr","locations":[{"start":{"line":155,"column":17},"end":{"line":155,"column":31}},{"start":{"line":155,"column":34},"end":{"line":155,"column":37}}],"line":155},"11":{"loc":{"start":{"line":174,"column":17},"end":{"line":174,"column":37}},"type":"binary-expr","locations":[{"start":{"line":174,"column":17},"end":{"line":174,"column":31}},{"start":{"line":174,"column":34},"end":{"line":174,"column":37}}],"line":174},"12":{"loc":{"start":{"line":192,"column":17},"end":{"line":192,"column":37}},"type":"binary-expr","locations":[{"start":{"line":192,"column":17},"end":{"line":192,"column":31}},{"start":{"line":192,"column":34},"end":{"line":192,"column":37}}],"line":192},"13":{"loc":{"start":{"line":209,"column":17},"end":{"line":209,"column":37}},"type":"binary-expr","locations":[{"start":{"line":209,"column":17},"end":{"line":209,"column":31}},{"start":{"line":209,"column":34},"end":{"line":209,"column":37}}],"line":209},"14":{"loc":{"start":{"line":226,"column":17},"end":{"line":226,"column":37}},"type":"binary-expr","locations":[{"start":{"line":226,"column":17},"end":{"line":226,"column":31}},{"start":{"line":226,"column":34},"end":{"line":226,"column":37}}],"line":226}},"s":{"0":1,"1":1,"2":1,"3":0,"4":0,"5":0,"6":0,"7":0,"8":0,"9":0,"10":0,"11":0,"12":0,"13":0,"14":0,"15":0,"16":1,"17":0,"18":0,"19":0,"20":0,"21":1,"22":0,"23":0,"24":0,"25":0,"26":1,"27":0,"28":0,"29":0,"30":0,"31":1,"32":0,"33":0,"34":0,"35":0,"36":0,"37":1,"38":0,"39":0,"40":0,"41":0,"42":0,"43":1,"44":0,"45":0,"46":0,"47":0,"48":0,"49":1,"50":0,"51":0,"52":0,"53":0,"54":0,"55":0,"56":0,"57":1,"58":0,"59":0,"60":0,"61":0,"62":0,"63":0,"64":1,"65":0,"66":0,"67":0,"68":0,"69":1,"70":0,"71":0,"72":0,"73":0,"74":0,"75":1,"76":0,"77":0,"78":0,"79":0,"80":0,"81":1},"f":{"0":0,"1":0,"2":0,"3":0,"4":0,"5":0,"6":0,"7":0,"8":0,"9":0,"10":0,"11":0},"b":{"0":[0,0],"1":[0,0],"2":[0,0],"3":[0,0],"4":[0,0],"5":[0,0],"6":[0,0],"7":[0,0],"8":[0,0],"9":[0,0],"10":[0,0],"11":[0,0],"12":[0,0],"13":[0,0],"14":[0,0]},"_coverageSchema":"1a1c01bbd47fc00a2c39e90264f33305004495a9","hash":"c9c402f3814aa1861f8e2b104a95506c0de6dbcc"}
,"C:\\Users\\서주리\\Desktop\\codes\\week12\\copy_spots_test\\controllers\\reservationsController.js": {"path":"C:\\Users\\서주리\\Desktop\\codes\\week12\\copy_spots_test\\controllers\\reservationsController.js","statementMap":{"0":{"start":{"line":1,"column":28},"end":{"line":1,"column":73}},"1":{"start":{"line":4,"column":24},"end":{"line":4,"column":49}},"2":{"start":{"line":6,"column":11},"end":{"line":8,"column":3}},"3":{"start":{"line":7,"column":4},"end":{"line":7,"column":14}},"4":{"start":{"line":11,"column":16},"end":{"line":16,"column":3}},"5":{"start":{"line":12,"column":25},"end":{"line":12,"column":40}},"6":{"start":{"line":13,"column":79},"end":{"line":13,"column":87}},"7":{"start":{"line":14,"column":17},"end":{"line":14,"column":133}},"8":{"start":{"line":15,"column":4},"end":{"line":15,"column":31}},"9":{"start":{"line":19,"column":13},"end":{"line":23,"column":3}},"10":{"start":{"line":20,"column":28},"end":{"line":20,"column":38}},"11":{"start":{"line":21,"column":17},"end":{"line":21,"column":78}},"12":{"start":{"line":22,"column":4},"end":{"line":22,"column":31}},"13":{"start":{"line":26,"column":15},"end":{"line":30,"column":3}},"14":{"start":{"line":27,"column":25},"end":{"line":27,"column":40}},"15":{"start":{"line":28,"column":17},"end":{"line":28,"column":68}},"16":{"start":{"line":29,"column":4},"end":{"line":29,"column":31}},"17":{"start":{"line":33,"column":16},"end":{"line":36,"column":3}},"18":{"start":{"line":34,"column":17},"end":{"line":34,"column":61}},"19":{"start":{"line":35,"column":4},"end":{"line":35,"column":31}},"20":{"start":{"line":39,"column":19},"end":{"line":43,"column":3}},"21":{"start":{"line":40,"column":28},"end":{"line":40,"column":38}},"22":{"start":{"line":41,"column":17},"end":{"line":41,"column":75}},"23":{"start":{"line":42,"column":4},"end":{"line":42,"column":31}},"24":{"start":{"line":46,"column":16},"end":{"line":51,"column":3}},"25":{"start":{"line":47,"column":25},"end":{"line":47,"column":40}},"26":{"start":{"line":48,"column":41},"end":{"line":48,"column":49}},"27":{"start":{"line":49,"column":17},"end":{"line":49,"column":95}},"28":{"start":{"line":50,"column":4},"end":{"line":50,"column":31}},"29":{"start":{"line":54,"column":0},"end":{"line":54,"column":40}}},"fnMap":{"0":{"name":"(anonymous_0)","decl":{"start":{"line":6,"column":11},"end":{"line":6,"column":12}},"loc":{"start":{"line":6,"column":20},"end":{"line":8,"column":3}},"line":6},"1":{"name":"(anonymous_1)","decl":{"start":{"line":11,"column":16},"end":{"line":11,"column":17}},"loc":{"start":{"line":11,"column":36},"end":{"line":16,"column":3}},"line":11},"2":{"name":"(anonymous_2)","decl":{"start":{"line":19,"column":13},"end":{"line":19,"column":14}},"loc":{"start":{"line":19,"column":33},"end":{"line":23,"column":3}},"line":19},"3":{"name":"(anonymous_3)","decl":{"start":{"line":26,"column":15},"end":{"line":26,"column":16}},"loc":{"start":{"line":26,"column":35},"end":{"line":30,"column":3}},"line":26},"4":{"name":"(anonymous_4)","decl":{"start":{"line":33,"column":16},"end":{"line":33,"column":17}},"loc":{"start":{"line":33,"column":36},"end":{"line":36,"column":3}},"line":33},"5":{"name":"(anonymous_5)","decl":{"start":{"line":39,"column":19},"end":{"line":39,"column":20}},"loc":{"start":{"line":39,"column":39},"end":{"line":43,"column":3}},"line":39},"6":{"name":"(anonymous_6)","decl":{"start":{"line":46,"column":16},"end":{"line":46,"column":17}},"loc":{"start":{"line":46,"column":36},"end":{"line":51,"column":3}},"line":46}},"branchMap":{},"s":{"0":1,"1":1,"2":1,"3":0,"4":1,"5":0,"6":0,"7":0,"8":0,"9":1,"10":0,"11":0,"12":0,"13":1,"14":0,"15":0,"16":0,"17":1,"18":0,"19":0,"20":1,"21":0,"22":0,"23":0,"24":1,"25":0,"26":0,"27":0,"28":0,"29":1},"f":{"0":0,"1":0,"2":0,"3":0,"4":0,"5":0,"6":0},"b":{},"_coverageSchema":"1a1c01bbd47fc00a2c39e90264f33305004495a9","hash":"c5a4ba5f91d5c9cbfc0fbe47ee423a041f58ef6c"}
,"C:\\Users\\서주리\\Desktop\\codes\\week12\\copy_spots_test\\controllers\\teamsController.js": {"path":"C:\\Users\\서주리\\Desktop\\codes\\week12\\copy_spots_test\\controllers\\teamsController.js","statementMap":{"0":{"start":{"line":1,"column":21},"end":{"line":1,"column":59}},"1":{"start":{"line":4,"column":19},"end":{"line":4,"column":37}},"2":{"start":{"line":7,"column":16},"end":{"line":12,"column":5}},"3":{"start":{"line":8,"column":27},"end":{"line":8,"column":42}},"4":{"start":{"line":9,"column":8},"end":{"line":9,"column":29}},"5":{"start":{"line":10,"column":21},"end":{"line":10,"column":64}},"6":{"start":{"line":11,"column":8},"end":{"line":11,"column":35}},"7":{"start":{"line":15,"column":18},"end":{"line":19,"column":5}},"8":{"start":{"line":16,"column":27},"end":{"line":16,"column":37}},"9":{"start":{"line":17,"column":21},"end":{"line":17,"column":64}},"10":{"start":{"line":18,"column":8},"end":{"line":18,"column":35}},"11":{"start":{"line":22,"column":17},"end":{"line":29,"column":5}},"12":{"start":{"line":23,"column":29},"end":{"line":23,"column":44}},"13":{"start":{"line":24,"column":44},"end":{"line":24,"column":52}},"14":{"start":{"line":25,"column":20},"end":{"line":25,"column":22}},"15":{"start":{"line":26,"column":8},"end":{"line":26,"column":85}},"16":{"start":{"line":27,"column":21},"end":{"line":27,"column":98}},"17":{"start":{"line":28,"column":8},"end":{"line":28,"column":35}},"18":{"start":{"line":32,"column":17},"end":{"line":37,"column":5}},"19":{"start":{"line":33,"column":50},"end":{"line":33,"column":58}},"20":{"start":{"line":34,"column":29},"end":{"line":34,"column":44}},"21":{"start":{"line":35,"column":21},"end":{"line":35,"column":96}},"22":{"start":{"line":36,"column":8},"end":{"line":36,"column":35}},"23":{"start":{"line":40,"column":17},"end":{"line":45,"column":5}},"24":{"start":{"line":41,"column":27},"end":{"line":41,"column":42}},"25":{"start":{"line":42,"column":27},"end":{"line":42,"column":37}},"26":{"start":{"line":43,"column":21},"end":{"line":43,"column":73}},"27":{"start":{"line":44,"column":8},"end":{"line":44,"column":35}},"28":{"start":{"line":48,"column":0},"end":{"line":48,"column":33}}},"fnMap":{"0":{"name":"(anonymous_0)","decl":{"start":{"line":7,"column":16},"end":{"line":7,"column":17}},"loc":{"start":{"line":7,"column":34},"end":{"line":12,"column":5}},"line":7},"1":{"name":"(anonymous_1)","decl":{"start":{"line":15,"column":18},"end":{"line":15,"column":19}},"loc":{"start":{"line":15,"column":35},"end":{"line":19,"column":5}},"line":15},"2":{"name":"(anonymous_2)","decl":{"start":{"line":22,"column":17},"end":{"line":22,"column":18}},"loc":{"start":{"line":22,"column":35},"end":{"line":29,"column":5}},"line":22},"3":{"name":"(anonymous_3)","decl":{"start":{"line":32,"column":17},"end":{"line":32,"column":18}},"loc":{"start":{"line":32,"column":35},"end":{"line":37,"column":5}},"line":32},"4":{"name":"(anonymous_4)","decl":{"start":{"line":40,"column":17},"end":{"line":40,"column":18}},"loc":{"start":{"line":40,"column":35},"end":{"line":45,"column":5}},"line":40}},"branchMap":{"0":{"loc":{"start":{"line":26,"column":8},"end":{"line":26,"column":85}},"type":"cond-expr","locations":[{"start":{"line":26,"column":45},"end":{"line":26,"column":57}},{"start":{"line":26,"column":60},"end":{"line":26,"column":85}}],"line":26}},"s":{"0":1,"1":1,"2":1,"3":0,"4":0,"5":0,"6":0,"7":1,"8":0,"9":0,"10":0,"11":1,"12":0,"13":0,"14":0,"15":0,"16":0,"17":0,"18":1,"19":0,"20":0,"21":0,"22":0,"23":1,"24":0,"25":0,"26":0,"27":0,"28":1},"f":{"0":0,"1":0,"2":0,"3":0,"4":0},"b":{"0":[0,0]},"_coverageSchema":"1a1c01bbd47fc00a2c39e90264f33305004495a9","hash":"4cea89f001a67c895586031a700b845ec6022742"}
,"C:\\Users\\서주리\\Desktop\\codes\\week12\\copy_spots_test\\controllers\\usersController.js": {"path":"C:\\Users\\서주리\\Desktop\\codes\\week12\\copy_spots_test\\controllers\\usersController.js","statementMap":{"0":{"start":{"line":1,"column":21},"end":{"line":1,"column":56}},"1":{"start":{"line":2,"column":12},"end":{"line":2,"column":26}},"2":{"start":{"line":5,"column":17},"end":{"line":5,"column":35}},"3":{"start":{"line":7,"column":15},"end":{"line":52,"column":3}},"4":{"start":{"line":8,"column":4},"end":{"line":51,"column":5}},"5":{"start":{"line":19,"column":10},"end":{"line":19,"column":18}},"6":{"start":{"line":21,"column":6},"end":{"line":23,"column":7}},"7":{"start":{"line":22,"column":8},"end":{"line":22,"column":27}},"8":{"start":{"line":24,"column":6},"end":{"line":33,"column":8}},"9":{"start":{"line":35,"column":6},"end":{"line":35,"column":65}},"10":{"start":{"line":37,"column":6},"end":{"line":50,"column":7}},"11":{"start":{"line":38,"column":8},"end":{"line":38,"column":73}},"12":{"start":{"line":39,"column":13},"end":{"line":50,"column":7}},"13":{"start":{"line":40,"column":8},"end":{"line":40,"column":74}},"14":{"start":{"line":41,"column":13},"end":{"line":50,"column":7}},"15":{"start":{"line":42,"column":8},"end":{"line":42,"column":73}},"16":{"start":{"line":43,"column":13},"end":{"line":50,"column":7}},"17":{"start":{"line":44,"column":8},"end":{"line":44,"column":74}},"18":{"start":{"line":45,"column":13},"end":{"line":50,"column":7}},"19":{"start":{"line":46,"column":8},"end":{"line":46,"column":75}},"20":{"start":{"line":48,"column":8},"end":{"line":48,"column":25}},"21":{"start":{"line":49,"column":8},"end":{"line":49,"column":50}},"22":{"start":{"line":55,"column":12},"end":{"line":71,"column":3}},"23":{"start":{"line":56,"column":4},"end":{"line":70,"column":5}},"24":{"start":{"line":57,"column":26},"end":{"line":57,"column":34}},"25":{"start":{"line":58,"column":22},"end":{"line":58,"column":62}},"26":{"start":{"line":59,"column":6},"end":{"line":61,"column":7}},"27":{"start":{"line":60,"column":8},"end":{"line":60,"column":27}},"28":{"start":{"line":62,"column":6},"end":{"line":62,"column":60}},"29":{"start":{"line":64,"column":6},"end":{"line":69,"column":7}},"30":{"start":{"line":65,"column":8},"end":{"line":65,"column":63}},"31":{"start":{"line":67,"column":8},"end":{"line":67,"column":25}},"32":{"start":{"line":68,"column":8},"end":{"line":68,"column":50}},"33":{"start":{"line":73,"column":14},"end":{"line":89,"column":3}},"34":{"start":{"line":74,"column":4},"end":{"line":88,"column":5}},"35":{"start":{"line":75,"column":27},"end":{"line":75,"column":35}},"36":{"start":{"line":76,"column":24},"end":{"line":76,"column":67}},"37":{"start":{"line":77,"column":6},"end":{"line":79,"column":7}},"38":{"start":{"line":78,"column":8},"end":{"line":78,"column":27}},"39":{"start":{"line":80,"column":6},"end":{"line":80,"column":61}},"40":{"start":{"line":82,"column":6},"end":{"line":87,"column":7}},"41":{"start":{"line":83,"column":8},"end":{"line":83,"column":64}},"42":{"start":{"line":85,"column":8},"end":{"line":85,"column":25}},"43":{"start":{"line":86,"column":8},"end":{"line":86,"column":50}},"44":{"start":{"line":91,"column":11},"end":{"line":111,"column":3}},"45":{"start":{"line":92,"column":4},"end":{"line":110,"column":5}},"46":{"start":{"line":93,"column":30},"end":{"line":93,"column":38}},"47":{"start":{"line":94,"column":23},"end":{"line":94,"column":68}},"48":{"start":{"line":95,"column":6},"end":{"line":95,"column":71}},"49":{"start":{"line":95,"column":21},"end":{"line":95,"column":71}},"50":{"start":{"line":96,"column":21},"end":{"line":96,"column":58}},"51":{"start":{"line":97,"column":6},"end":{"line":101,"column":32}},"52":{"start":{"line":98,"column":8},"end":{"line":98,"column":29}},"53":{"start":{"line":99,"column":11},"end":{"line":101,"column":32}},"54":{"start":{"line":100,"column":8},"end":{"line":100,"column":30}},"55":{"start":{"line":101,"column":11},"end":{"line":101,"column":32}},"56":{"start":{"line":102,"column":6},"end":{"line":102,"column":42}},"57":{"start":{"line":104,"column":6},"end":{"line":109,"column":7}},"58":{"start":{"line":105,"column":8},"end":{"line":105,"column":68}},"59":{"start":{"line":107,"column":8},"end":{"line":107,"column":25}},"60":{"start":{"line":108,"column":8},"end":{"line":108,"column":50}},"61":{"start":{"line":113,"column":11},"end":{"line":131,"column":3}},"62":{"start":{"line":114,"column":4},"end":{"line":130,"column":5}},"63":{"start":{"line":115,"column":39},"end":{"line":115,"column":47}},"64":{"start":{"line":116,"column":23},"end":{"line":116,"column":68}},"65":{"start":{"line":117,"column":6},"end":{"line":117,"column":71}},"66":{"start":{"line":117,"column":21},"end":{"line":117,"column":71}},"67":{"start":{"line":118,"column":27},"end":{"line":118,"column":79}},"68":{"start":{"line":119,"column":6},"end":{"line":119,"column":44}},"69":{"start":{"line":119,"column":25},"end":{"line":119,"column":44}},"70":{"start":{"line":120,"column":23},"end":{"line":120,"column":64}},"71":{"start":{"line":121,"column":6},"end":{"line":121,"column":51}},"72":{"start":{"line":123,"column":6},"end":{"line":123,"column":80}},"73":{"start":{"line":123,"column":27},"end":{"line":123,"column":80}},"74":{"start":{"line":124,"column":6},"end":{"line":129,"column":7}},"75":{"start":{"line":125,"column":8},"end":{"line":125,"column":64}},"76":{"start":{"line":127,"column":8},"end":{"line":127,"column":25}},"77":{"start":{"line":128,"column":8},"end":{"line":128,"column":50}},"78":{"start":{"line":133,"column":14},"end":{"line":151,"column":3}},"79":{"start":{"line":134,"column":4},"end":{"line":150,"column":5}},"80":{"start":{"line":135,"column":24},"end":{"line":135,"column":32}},"81":{"start":{"line":136,"column":25},"end":{"line":136,"column":66}},"82":{"start":{"line":137,"column":6},"end":{"line":139,"column":7}},"83":{"start":{"line":138,"column":8},"end":{"line":138,"column":27}},"84":{"start":{"line":140,"column":22},"end":{"line":140,"column":60}},"85":{"start":{"line":141,"column":6},"end":{"line":141,"column":75}},"86":{"start":{"line":141,"column":20},"end":{"line":141,"column":75}},"87":{"start":{"line":142,"column":6},"end":{"line":142,"column":57}},"88":{"start":{"line":144,"column":6},"end":{"line":149,"column":7}},"89":{"start":{"line":145,"column":8},"end":{"line":145,"column":63}},"90":{"start":{"line":147,"column":8},"end":{"line":147,"column":25}},"91":{"start":{"line":148,"column":8},"end":{"line":148,"column":50}},"92":{"start":{"line":153,"column":12},"end":{"line":158,"column":3}},"93":{"start":{"line":154,"column":22},"end":{"line":154,"column":30}},"94":{"start":{"line":155,"column":20},"end":{"line":155,"column":58}},"95":{"start":{"line":156,"column":4},"end":{"line":156,"column":73}},"96":{"start":{"line":156,"column":18},"end":{"line":156,"column":73}},"97":{"start":{"line":157,"column":4},"end":{"line":157,"column":48}},"98":{"start":{"line":159,"column":13},"end":{"line":169,"column":3}},"99":{"start":{"line":160,"column":4},"end":{"line":168,"column":5}},"100":{"start":{"line":161,"column":30},"end":{"line":161,"column":38}},"101":{"start":{"line":162,"column":23},"end":{"line":162,"column":68}},"102":{"start":{"line":163,"column":6},"end":{"line":163,"column":70}},"103":{"start":{"line":163,"column":20},"end":{"line":163,"column":70}},"104":{"start":{"line":164,"column":6},"end":{"line":164,"column":56}},"105":{"start":{"line":166,"column":6},"end":{"line":166,"column":23}},"106":{"start":{"line":167,"column":6},"end":{"line":167,"column":48}},"107":{"start":{"line":171,"column":14},"end":{"line":195,"column":3}},"108":{"start":{"line":172,"column":4},"end":{"line":194,"column":5}},"109":{"start":{"line":173,"column":36},"end":{"line":173,"column":44}},"110":{"start":{"line":174,"column":36},"end":{"line":174,"column":88}},"111":{"start":{"line":175,"column":6},"end":{"line":181,"column":7}},"112":{"start":{"line":176,"column":8},"end":{"line":180,"column":11}},"113":{"start":{"line":182,"column":6},"end":{"line":186,"column":9}},"114":{"start":{"line":188,"column":6},"end":{"line":193,"column":7}},"115":{"start":{"line":189,"column":8},"end":{"line":189,"column":70}},"116":{"start":{"line":191,"column":8},"end":{"line":191,"column":25}},"117":{"start":{"line":192,"column":8},"end":{"line":192,"column":50}},"118":{"start":{"line":197,"column":12},"end":{"line":206,"column":3}},"119":{"start":{"line":198,"column":4},"end":{"line":205,"column":5}},"120":{"start":{"line":199,"column":26},"end":{"line":199,"column":41}},"121":{"start":{"line":200,"column":22},"end":{"line":200,"column":62}},"122":{"start":{"line":201,"column":6},"end":{"line":201,"column":53}},"123":{"start":{"line":203,"column":6},"end":{"line":203,"column":23}},"124":{"start":{"line":204,"column":6},"end":{"line":204,"column":48}},"125":{"start":{"line":208,"column":14},"end":{"line":217,"column":3}},"126":{"start":{"line":209,"column":4},"end":{"line":216,"column":5}},"127":{"start":{"line":210,"column":33},"end":{"line":210,"column":41}},"128":{"start":{"line":211,"column":24},"end":{"line":211,"column":73}},"129":{"start":{"line":212,"column":6},"end":{"line":212,"column":73}},"130":{"start":{"line":214,"column":6},"end":{"line":214,"column":23}},"131":{"start":{"line":215,"column":6},"end":{"line":215,"column":48}},"132":{"start":{"line":219,"column":15},"end":{"line":248,"column":3}},"133":{"start":{"line":220,"column":4},"end":{"line":247,"column":5}},"134":{"start":{"line":221,"column":26},"end":{"line":221,"column":41}},"135":{"start":{"line":222,"column":88},"end":{"line":222,"column":96}},"136":{"start":{"line":223,"column":6},"end":{"line":225,"column":7}},"137":{"start":{"line":224,"column":8},"end":{"line":224,"column":27}},"138":{"start":{"line":226,"column":25},"end":{"line":234,"column":7}},"139":{"start":{"line":235,"column":6},"end":{"line":235,"column":49}},"140":{"start":{"line":237,"column":6},"end":{"line":246,"column":7}},"141":{"start":{"line":238,"column":8},"end":{"line":238,"column":72}},"142":{"start":{"line":239,"column":13},"end":{"line":246,"column":7}},"143":{"start":{"line":240,"column":8},"end":{"line":240,"column":71}},"144":{"start":{"line":241,"column":13},"end":{"line":246,"column":7}},"145":{"start":{"line":242,"column":8},"end":{"line":242,"column":74}},"146":{"start":{"line":244,"column":8},"end":{"line":244,"column":25}},"147":{"start":{"line":245,"column":8},"end":{"line":245,"column":50}},"148":{"start":{"line":249,"column":14},"end":{"line":264,"column":3}},"149":{"start":{"line":250,"column":4},"end":{"line":263,"column":5}},"150":{"start":{"line":251,"column":26},"end":{"line":251,"column":41}},"151":{"start":{"line":252,"column":23},"end":{"line":252,"column":25}},"152":{"start":{"line":253,"column":6},"end":{"line":253,"column":69}},"153":{"start":{"line":253,"column":38},"end":{"line":253,"column":69}},"154":{"start":{"line":254,"column":24},"end":{"line":254,"column":78}},"155":{"start":{"line":255,"column":6},"end":{"line":255,"column":64}},"156":{"start":{"line":257,"column":6},"end":{"line":262,"column":7}},"157":{"start":{"line":258,"column":8},"end":{"line":258,"column":58}},"158":{"start":{"line":260,"column":8},"end":{"line":260,"column":25}},"159":{"start":{"line":261,"column":8},"end":{"line":261,"column":50}},"160":{"start":{"line":266,"column":13},"end":{"line":275,"column":3}},"161":{"start":{"line":267,"column":4},"end":{"line":274,"column":5}},"162":{"start":{"line":268,"column":26},"end":{"line":268,"column":41}},"163":{"start":{"line":269,"column":6},"end":{"line":269,"column":48}},"164":{"start":{"line":270,"column":6},"end":{"line":270,"column":39}},"165":{"start":{"line":272,"column":6},"end":{"line":272,"column":23}},"166":{"start":{"line":273,"column":6},"end":{"line":273,"column":48}},"167":{"start":{"line":277,"column":15},"end":{"line":286,"column":3}},"168":{"start":{"line":278,"column":4},"end":{"line":285,"column":5}},"169":{"start":{"line":279,"column":26},"end":{"line":279,"column":34}},"170":{"start":{"line":280,"column":6},"end":{"line":280,"column":50}},"171":{"start":{"line":281,"column":6},"end":{"line":281,"column":39}},"172":{"start":{"line":283,"column":6},"end":{"line":283,"column":23}},"173":{"start":{"line":284,"column":6},"end":{"line":284,"column":48}},"174":{"start":{"line":288,"column":0},"end":{"line":288,"column":33}}},"fnMap":{"0":{"name":"(anonymous_0)","decl":{"start":{"line":7,"column":15},"end":{"line":7,"column":16}},"loc":{"start":{"line":7,"column":41},"end":{"line":52,"column":3}},"line":7},"1":{"name":"(anonymous_1)","decl":{"start":{"line":55,"column":12},"end":{"line":55,"column":13}},"loc":{"start":{"line":55,"column":38},"end":{"line":71,"column":3}},"line":55},"2":{"name":"(anonymous_2)","decl":{"start":{"line":73,"column":14},"end":{"line":73,"column":15}},"loc":{"start":{"line":73,"column":40},"end":{"line":89,"column":3}},"line":73},"3":{"name":"(anonymous_3)","decl":{"start":{"line":91,"column":11},"end":{"line":91,"column":12}},"loc":{"start":{"line":91,"column":37},"end":{"line":111,"column":3}},"line":91},"4":{"name":"(anonymous_4)","decl":{"start":{"line":113,"column":11},"end":{"line":113,"column":12}},"loc":{"start":{"line":113,"column":37},"end":{"line":131,"column":3}},"line":113},"5":{"name":"(anonymous_5)","decl":{"start":{"line":133,"column":14},"end":{"line":133,"column":15}},"loc":{"start":{"line":133,"column":40},"end":{"line":151,"column":3}},"line":133},"6":{"name":"(anonymous_6)","decl":{"start":{"line":153,"column":12},"end":{"line":153,"column":13}},"loc":{"start":{"line":153,"column":38},"end":{"line":158,"column":3}},"line":153},"7":{"name":"(anonymous_7)","decl":{"start":{"line":159,"column":13},"end":{"line":159,"column":14}},"loc":{"start":{"line":159,"column":39},"end":{"line":169,"column":3}},"line":159},"8":{"name":"(anonymous_8)","decl":{"start":{"line":171,"column":14},"end":{"line":171,"column":15}},"loc":{"start":{"line":171,"column":40},"end":{"line":195,"column":3}},"line":171},"9":{"name":"(anonymous_9)","decl":{"start":{"line":197,"column":12},"end":{"line":197,"column":13}},"loc":{"start":{"line":197,"column":38},"end":{"line":206,"column":3}},"line":197},"10":{"name":"(anonymous_10)","decl":{"start":{"line":208,"column":14},"end":{"line":208,"column":15}},"loc":{"start":{"line":208,"column":40},"end":{"line":217,"column":3}},"line":208},"11":{"name":"(anonymous_11)","decl":{"start":{"line":219,"column":15},"end":{"line":219,"column":16}},"loc":{"start":{"line":219,"column":41},"end":{"line":248,"column":3}},"line":219},"12":{"name":"(anonymous_12)","decl":{"start":{"line":249,"column":14},"end":{"line":249,"column":15}},"loc":{"start":{"line":249,"column":40},"end":{"line":264,"column":3}},"line":249},"13":{"name":"(anonymous_13)","decl":{"start":{"line":266,"column":13},"end":{"line":266,"column":14}},"loc":{"start":{"line":266,"column":39},"end":{"line":275,"column":3}},"line":266},"14":{"name":"(anonymous_14)","decl":{"start":{"line":277,"column":15},"end":{"line":277,"column":16}},"loc":{"start":{"line":277,"column":41},"end":{"line":286,"column":3}},"line":277}},"branchMap":{"0":{"loc":{"start":{"line":21,"column":6},"end":{"line":23,"column":7}},"type":"if","locations":[{"start":{"line":21,"column":6},"end":{"line":23,"column":7}},{"start":{},"end":{}}],"line":21},"1":{"loc":{"start":{"line":37,"column":6},"end":{"line":50,"column":7}},"type":"if","locations":[{"start":{"line":37,"column":6},"end":{"line":50,"column":7}},{"start":{"line":39,"column":13},"end":{"line":50,"column":7}}],"line":37},"2":{"loc":{"start":{"line":39,"column":13},"end":{"line":50,"column":7}},"type":"if","locations":[{"start":{"line":39,"column":13},"end":{"line":50,"column":7}},{"start":{"line":41,"column":13},"end":{"line":50,"column":7}}],"line":39},"3":{"loc":{"start":{"line":41,"column":13},"end":{"line":50,"column":7}},"type":"if","locations":[{"start":{"line":41,"column":13},"end":{"line":50,"column":7}},{"start":{"line":43,"column":13},"end":{"line":50,"column":7}}],"line":41},"4":{"loc":{"start":{"line":43,"column":13},"end":{"line":50,"column":7}},"type":"if","locations":[{"start":{"line":43,"column":13},"end":{"line":50,"column":7}},{"start":{"line":45,"column":13},"end":{"line":50,"column":7}}],"line":43},"5":{"loc":{"start":{"line":45,"column":13},"end":{"line":50,"column":7}},"type":"if","locations":[{"start":{"line":45,"column":13},"end":{"line":50,"column":7}},{"start":{"line":47,"column":13},"end":{"line":50,"column":7}}],"line":45},"6":{"loc":{"start":{"line":59,"column":6},"end":{"line":61,"column":7}},"type":"if","locations":[{"start":{"line":59,"column":6},"end":{"line":61,"column":7}},{"start":{},"end":{}}],"line":59},"7":{"loc":{"start":{"line":64,"column":6},"end":{"line":69,"column":7}},"type":"if","locations":[{"start":{"line":64,"column":6},"end":{"line":69,"column":7}},{"start":{"line":66,"column":13},"end":{"line":69,"column":7}}],"line":64},"8":{"loc":{"start":{"line":77,"column":6},"end":{"line":79,"column":7}},"type":"if","locations":[{"start":{"line":77,"column":6},"end":{"line":79,"column":7}},{"start":{},"end":{}}],"line":77},"9":{"loc":{"start":{"line":82,"column":6},"end":{"line":87,"column":7}},"type":"if","locations":[{"start":{"line":82,"column":6},"end":{"line":87,"column":7}},{"start":{"line":84,"column":13},"end":{"line":87,"column":7}}],"line":82},"10":{"loc":{"start":{"line":95,"column":6},"end":{"line":95,"column":71}},"type":"if","locations":[{"start":{"line":95,"column":6},"end":{"line":95,"column":71}},{"start":{},"end":{}}],"line":95},"11":{"loc":{"start":{"line":97,"column":6},"end":{"line":101,"column":32}},"type":"if","locations":[{"start":{"line":97,"column":6},"end":{"line":101,"column":32}},{"start":{"line":99,"column":11},"end":{"line":101,"column":32}}],"line":97},"12":{"loc":{"start":{"line":97,"column":10},"end":{"line":97,"column":81}},"type":"binary-expr","locations":[{"start":{"line":97,"column":10},"end":{"line":97,"column":30}},{"start":{"line":97,"column":34},"end":{"line":97,"column":54}},{"start":{"line":97,"column":58},"end":{"line":97,"column":81}}],"line":97},"13":{"loc":{"start":{"line":99,"column":11},"end":{"line":101,"column":32}},"type":"if","locations":[{"start":{"line":99,"column":11},"end":{"line":101,"column":32}},{"start":{"line":101,"column":11},"end":{"line":101,"column":32}}],"line":99},"14":{"loc":{"start":{"line":99,"column":15},"end":{"line":99,"column":86}},"type":"binary-expr","locations":[{"start":{"line":99,"column":15},"end":{"line":99,"column":35}},{"start":{"line":99,"column":39},"end":{"line":99,"column":59}},{"start":{"line":99,"column":63},"end":{"line":99,"column":86}}],"line":99},"15":{"loc":{"start":{"line":104,"column":6},"end":{"line":109,"column":7}},"type":"if","locations":[{"start":{"line":104,"column":6},"end":{"line":109,"column":7}},{"start":{"line":106,"column":13},"end":{"line":109,"column":7}}],"line":104},"16":{"loc":{"start":{"line":117,"column":6},"end":{"line":117,"column":71}},"type":"if","locations":[{"start":{"line":117,"column":6},"end":{"line":117,"column":71}},{"start":{},"end":{}}],"line":117},"17":{"loc":{"start":{"line":119,"column":6},"end":{"line":119,"column":44}},"type":"if","locations":[{"start":{"line":119,"column":6},"end":{"line":119,"column":44}},{"start":{},"end":{}}],"line":119},"18":{"loc":{"start":{"line":123,"column":6},"end":{"line":123,"column":80}},"type":"if","locations":[{"start":{"line":123,"column":6},"end":{"line":123,"column":80}},{"start":{},"end":{}}],"line":123},"19":{"loc":{"start":{"line":124,"column":6},"end":{"line":129,"column":7}},"type":"if","locations":[{"start":{"line":124,"column":6},"end":{"line":129,"column":7}},{"start":{"line":126,"column":13},"end":{"line":129,"column":7}}],"line":124},"20":{"loc":{"start":{"line":137,"column":6},"end":{"line":139,"column":7}},"type":"if","locations":[{"start":{"line":137,"column":6},"end":{"line":139,"column":7}},{"start":{},"end":{}}],"line":137},"21":{"loc":{"start":{"line":141,"column":6},"end":{"line":141,"column":75}},"type":"if","locations":[{"start":{"line":141,"column":6},"end":{"line":141,"column":75}},{"start":{},"end":{}}],"line":141},"22":{"loc":{"start":{"line":144,"column":6},"end":{"line":149,"column":7}},"type":"if","locations":[{"start":{"line":144,"column":6},"end":{"line":149,"column":7}},{"start":{"line":146,"column":13},"end":{"line":149,"column":7}}],"line":144},"23":{"loc":{"start":{"line":156,"column":4},"end":{"line":156,"column":73}},"type":"if","locations":[{"start":{"line":156,"column":4},"end":{"line":156,"column":73}},{"start":{},"end":{}}],"line":156},"24":{"loc":{"start":{"line":163,"column":6},"end":{"line":163,"column":70}},"type":"if","locations":[{"start":{"line":163,"column":6},"end":{"line":163,"column":70}},{"start":{},"end":{}}],"line":163},"25":{"loc":{"start":{"line":175,"column":6},"end":{"line":181,"column":7}},"type":"if","locations":[{"start":{"line":175,"column":6},"end":{"line":181,"column":7}},{"start":{},"end":{}}],"line":175},"26":{"loc":{"start":{"line":188,"column":6},"end":{"line":193,"column":7}},"type":"if","locations":[{"start":{"line":188,"column":6},"end":{"line":193,"column":7}},{"start":{"line":190,"column":13},"end":{"line":193,"column":7}}],"line":188},"27":{"loc":{"start":{"line":223,"column":6},"end":{"line":225,"column":7}},"type":"if","locations":[{"start":{"line":223,"column":6},"end":{"line":225,"column":7}},{"start":{},"end":{}}],"line":223},"28":{"loc":{"start":{"line":237,"column":6},"end":{"line":246,"column":7}},"type":"if","locations":[{"start":{"line":237,"column":6},"end":{"line":246,"column":7}},{"start":{"line":239,"column":13},"end":{"line":246,"column":7}}],"line":237},"29":{"loc":{"start":{"line":239,"column":13},"end":{"line":246,"column":7}},"type":"if","locations":[{"start":{"line":239,"column":13},"end":{"line":246,"column":7}},{"start":{"line":241,"column":13},"end":{"line":246,"column":7}}],"line":239},"30":{"loc":{"start":{"line":241,"column":13},"end":{"line":246,"column":7}},"type":"if","locations":[{"start":{"line":241,"column":13},"end":{"line":246,"column":7}},{"start":{"line":243,"column":13},"end":{"line":246,"column":7}}],"line":241},"31":{"loc":{"start":{"line":253,"column":6},"end":{"line":253,"column":69}},"type":"if","locations":[{"start":{"line":253,"column":6},"end":{"line":253,"column":69}},{"start":{},"end":{}}],"line":253},"32":{"loc":{"start":{"line":257,"column":6},"end":{"line":262,"column":7}},"type":"if","locations":[{"start":{"line":257,"column":6},"end":{"line":262,"column":7}},{"start":{"line":259,"column":13},"end":{"line":262,"column":7}}],"line":257}},"s":{"0":1,"1":1,"2":1,"3":1,"4":0,"5":0,"6":0,"7":0,"8":0,"9":0,"10":0,"11":0,"12":0,"13":0,"14":0,"15":0,"16":0,"17":0,"18":0,"19":0,"20":0,"21":0,"22":1,"23":0,"24":0,"25":0,"26":0,"27":0,"28":0,"29":0,"30":0,"31":0,"32":0,"33":1,"34":0,"35":0,"36":0,"37":0,"38":0,"39":0,"40":0,"41":0,"42":0,"43":0,"44":1,"45":0,"46":0,"47":0,"48":0,"49":0,"50":0,"51":0,"52":0,"53":0,"54":0,"55":0,"56":0,"57":0,"58":0,"59":0,"60":0,"61":1,"62":0,"63":0,"64":0,"65":0,"66":0,"67":0,"68":0,"69":0,"70":0,"71":0,"72":0,"73":0,"74":0,"75":0,"76":0,"77":0,"78":1,"79":0,"80":0,"81":0,"82":0,"83":0,"84":0,"85":0,"86":0,"87":0,"88":0,"89":0,"90":0,"91":0,"92":1,"93":0,"94":0,"95":0,"96":0,"97":0,"98":1,"99":0,"100":0,"101":0,"102":0,"103":0,"104":0,"105":0,"106":0,"107":1,"108":0,"109":0,"110":0,"111":0,"112":0,"113":0,"114":0,"115":0,"116":0,"117":0,"118":1,"119":0,"120":0,"121":0,"122":0,"123":0,"124":0,"125":1,"126":0,"127":0,"128":0,"129":0,"130":0,"131":0,"132":1,"133":0,"134":0,"135":0,"136":0,"137":0,"138":0,"139":0,"140":0,"141":0,"142":0,"143":0,"144":0,"145":0,"146":0,"147":0,"148":1,"149":0,"150":0,"151":0,"152":0,"153":0,"154":0,"155":0,"156":0,"157":0,"158":0,"159":0,"160":1,"161":0,"162":0,"163":0,"164":0,"165":0,"166":0,"167":1,"168":0,"169":0,"170":0,"171":0,"172":0,"173":0,"174":1},"f":{"0":0,"1":0,"2":0,"3":0,"4":0,"5":0,"6":0,"7":0,"8":0,"9":0,"10":0,"11":0,"12":0,"13":0,"14":0},"b":{"0":[0,0],"1":[0,0],"2":[0,0],"3":[0,0],"4":[0,0],"5":[0,0],"6":[0,0],"7":[0,0],"8":[0,0],"9":[0,0],"10":[0,0],"11":[0,0],"12":[0,0,0],"13":[0,0],"14":[0,0,0],"15":[0,0],"16":[0,0],"17":[0,0],"18":[0,0],"19":[0,0],"20":[0,0],"21":[0,0],"22":[0,0],"23":[0,0],"24":[0,0],"25":[0,0],"26":[0,0],"27":[0,0],"28":[0,0],"29":[0,0],"30":[0,0],"31":[0,0],"32":[0,0]},"_coverageSchema":"1a1c01bbd47fc00a2c39e90264f33305004495a9","hash":"2933192c20127c4524f81e48c0826a9e78fb5dbf"}
,"C:\\Users\\서주리\\Desktop\\codes\\week12\\copy_spots_test\\middlewares\\auth_middleware.js": {"path":"C:\\Users\\서주리\\Desktop\\codes\\week12\\copy_spots_test\\middlewares\\auth_middleware.js","statementMap":{"0":{"start":{"line":1,"column":12},"end":{"line":1,"column":35}},"1":{"start":{"line":2,"column":18},"end":{"line":2,"column":38}},"2":{"start":{"line":3,"column":15},"end":{"line":3,"column":32}},"3":{"start":{"line":4,"column":0},"end":{"line":4,"column":27}},"4":{"start":{"line":6,"column":0},"end":{"line":64,"column":2}},"5":{"start":{"line":7,"column":2},"end":{"line":63,"column":3}},"6":{"start":{"line":8,"column":24},"end":{"line":8,"column":49}},"7":{"start":{"line":9,"column":4},"end":{"line":11,"column":5}},"8":{"start":{"line":10,"column":6},"end":{"line":10,"column":68}},"9":{"start":{"line":13,"column":36},"end":{"line":13,"column":58}},"10":{"start":{"line":14,"column":4},"end":{"line":21,"column":5}},"11":{"start":{"line":20,"column":6},"end":{"line":20,"column":75}},"12":{"start":{"line":23,"column":20},"end":{"line":23,"column":43}},"13":{"start":{"line":24,"column":4},"end":{"line":24,"column":25}},"14":{"start":{"line":25,"column":4},"end":{"line":60,"column":5}},"15":{"start":{"line":27,"column":23},"end":{"line":27,"column":69}},"16":{"start":{"line":28,"column":6},"end":{"line":28,"column":28}},"17":{"start":{"line":29,"column":22},"end":{"line":29,"column":38}},"18":{"start":{"line":30,"column":19},"end":{"line":30,"column":34}},"19":{"start":{"line":33,"column":19},"end":{"line":33,"column":62}},"20":{"start":{"line":34,"column":6},"end":{"line":34,"column":77}},"21":{"start":{"line":34,"column":17},"end":{"line":34,"column":77}},"22":{"start":{"line":35,"column":6},"end":{"line":35,"column":28}},"23":{"start":{"line":36,"column":6},"end":{"line":36,"column":26}},"24":{"start":{"line":37,"column":6},"end":{"line":37,"column":33}},"25":{"start":{"line":38,"column":6},"end":{"line":38,"column":31}},"26":{"start":{"line":39,"column":6},"end":{"line":40,"column":69}},"27":{"start":{"line":40,"column":8},"end":{"line":40,"column":69}},"28":{"start":{"line":41,"column":6},"end":{"line":41,"column":39}},"29":{"start":{"line":42,"column":29},"end":{"line":42,"column":54}},"30":{"start":{"line":43,"column":6},"end":{"line":44,"column":69}},"31":{"start":{"line":44,"column":8},"end":{"line":44,"column":69}},"32":{"start":{"line":45,"column":6},"end":{"line":45,"column":53}},"33":{"start":{"line":46,"column":6},"end":{"line":46,"column":75}},"34":{"start":{"line":47,"column":25},"end":{"line":51,"column":7}},"35":{"start":{"line":52,"column":6},"end":{"line":54,"column":92}},"36":{"start":{"line":56,"column":26},"end":{"line":56,"column":72}},"37":{"start":{"line":57,"column":19},"end":{"line":57,"column":62}},"38":{"start":{"line":58,"column":6},"end":{"line":58,"column":29}},"39":{"start":{"line":59,"column":6},"end":{"line":59,"column":13}},"40":{"start":{"line":62,"column":4},"end":{"line":62,"column":74}},"41":{"start":{"line":67,"column":2},"end":{"line":71,"column":3}},"42":{"start":{"line":68,"column":4},"end":{"line":68,"column":53}},"43":{"start":{"line":70,"column":4},"end":{"line":70,"column":25}}},"fnMap":{"0":{"name":"(anonymous_0)","decl":{"start":{"line":6,"column":17},"end":{"line":6,"column":18}},"loc":{"start":{"line":6,"column":43},"end":{"line":64,"column":1}},"line":6},"1":{"name":"verifyToken","decl":{"start":{"line":66,"column":9},"end":{"line":66,"column":20}},"loc":{"start":{"line":66,"column":28},"end":{"line":72,"column":1}},"line":66}},"branchMap":{"0":{"loc":{"start":{"line":9,"column":4},"end":{"line":11,"column":5}},"type":"if","locations":[{"start":{"line":9,"column":4},"end":{"line":11,"column":5}},{"start":{},"end":{}}],"line":9},"1":{"loc":{"start":{"line":14,"column":4},"end":{"line":21,"column":5}},"type":"if","locations":[{"start":{"line":14,"column":4},"end":{"line":21,"column":5}},{"start":{},"end":{}}],"line":14},"2":{"loc":{"start":{"line":15,"column":6},"end":{"line":18,"column":17}},"type":"binary-expr","locations":[{"start":{"line":15,"column":6},"end":{"line":15,"column":28}},{"start":{"line":16,"column":6},"end":{"line":16,"column":27}},{"start":{"line":17,"column":6},"end":{"line":17,"column":32}},{"start":{"line":18,"column":6},"end":{"line":18,"column":17}}],"line":15},"3":{"loc":{"start":{"line":25,"column":4},"end":{"line":60,"column":5}},"type":"if","locations":[{"start":{"line":25,"column":4},"end":{"line":60,"column":5}},{"start":{"line":55,"column":11},"end":{"line":60,"column":5}}],"line":25},"4":{"loc":{"start":{"line":34,"column":6},"end":{"line":34,"column":77}},"type":"if","locations":[{"start":{"line":34,"column":6},"end":{"line":34,"column":77}},{"start":{},"end":{}}],"line":34},"5":{"loc":{"start":{"line":39,"column":6},"end":{"line":40,"column":69}},"type":"if","locations":[{"start":{"line":39,"column":6},"end":{"line":40,"column":69}},{"start":{},"end":{}}],"line":39},"6":{"loc":{"start":{"line":43,"column":6},"end":{"line":44,"column":69}},"type":"if","locations":[{"start":{"line":43,"column":6},"end":{"line":44,"column":69}},{"start":{},"end":{}}],"line":43}},"s":{"0":1,"1":1,"2":1,"3":1,"4":1,"5":0,"6":0,"7":0,"8":0,"9":0,"10":0,"11":0,"12":0,"13":0,"14":0,"15":0,"16":0,"17":0,"18":0,"19":0,"20":0,"21":0,"22":0,"23":0,"24":0,"25":0,"26":0,"27":0,"28":0,"29":0,"30":0,"31":0,"32":0,"33":0,"34":0,"35":0,"36":0,"37":0,"38":0,"39":0,"40":0,"41":0,"42":0,"43":0},"f":{"0":0,"1":0},"b":{"0":[0,0],"1":[0,0],"2":[0,0,0,0],"3":[0,0],"4":[0,0],"5":[0,0],"6":[0,0]},"_coverageSchema":"1a1c01bbd47fc00a2c39e90264f33305004495a9","hash":"3d303984358c826a07c03e30cf85309c0057ca5a"}
,"C:\\Users\\서주리\\Desktop\\codes\\week12\\copy_spots_test\\middlewares\\error_handler_middleware.js": {"path":"C:\\Users\\서주리\\Desktop\\codes\\week12\\copy_spots_test\\middlewares\\error_handler_middleware.js","statementMap":{"0":{"start":{"line":1,"column":0},"end":{"line":25,"column":2}},"1":{"start":{"line":2,"column":4},"end":{"line":2,"column":21}},"2":{"start":{"line":3,"column":4},"end":{"line":24,"column":5}},"3":{"start":{"line":5,"column":8},"end":{"line":15,"column":11}},"4":{"start":{"line":18,"column":8},"end":{"line":23,"column":11}}},"fnMap":{"0":{"name":"(anonymous_0)","decl":{"start":{"line":1,"column":17},"end":{"line":1,"column":18}},"loc":{"start":{"line":1,"column":42},"end":{"line":25,"column":1}},"line":1}},"branchMap":{"0":{"loc":{"start":{"line":3,"column":4},"end":{"line":24,"column":5}},"type":"if","locations":[{"start":{"line":3,"column":4},"end":{"line":24,"column":5}},{"start":{"line":16,"column":11},"end":{"line":24,"column":5}}],"line":3},"1":{"loc":{"start":{"line":22,"column":19},"end":{"line":22,"column":33}},"type":"binary-expr","locations":[{"start":{"line":22,"column":19},"end":{"line":22,"column":27}},{"start":{"line":22,"column":31},"end":{"line":22,"column":33}}],"line":22}},"s":{"0":1,"1":0,"2":0,"3":0,"4":0},"f":{"0":0},"b":{"0":[0,0],"1":[0,0]},"_coverageSchema":"1a1c01bbd47fc00a2c39e90264f33305004495a9","hash":"317e438b00839c351c49cabdac51ef00248a8618"}
,"C:\\Users\\서주리\\Desktop\\codes\\week12\\copy_spots_test\\middlewares\\multerS3_middleware.js": {"path":"C:\\Users\\서주리\\Desktop\\codes\\week12\\copy_spots_test\\middlewares\\multerS3_middleware.js","statementMap":{"0":{"start":{"line":1,"column":15},"end":{"line":1,"column":32}},"1":{"start":{"line":2,"column":13},"end":{"line":2,"column":28}},"2":{"start":{"line":3,"column":12},"end":{"line":3,"column":30}},"3":{"start":{"line":4,"column":17},"end":{"line":4,"column":37}},"4":{"start":{"line":5,"column":15},"end":{"line":5,"column":32}},"5":{"start":{"line":6,"column":0},"end":{"line":6,"column":16}},"6":{"start":{"line":9,"column":0},"end":{"line":13,"column":4}},"7":{"start":{"line":15,"column":16},"end":{"line":27,"column":3}},"8":{"start":{"line":22,"column":9},"end":{"line":22,"column":26}},"9":{"start":{"line":23,"column":10},"end":{"line":23,"column":80}},"10":{"start":{"line":29,"column":1},"end":{"line":29,"column":25}}},"fnMap":{"0":{"name":"(anonymous_0)","decl":{"start":{"line":21,"column":7},"end":{"line":21,"column":8}},"loc":{"start":{"line":21,"column":26},"end":{"line":24,"column":8}},"line":21}},"branchMap":{},"s":{"0":1,"1":1,"2":1,"3":1,"4":1,"5":1,"6":1,"7":1,"8":0,"9":0,"10":1},"f":{"0":0},"b":{},"_coverageSchema":"1a1c01bbd47fc00a2c39e90264f33305004495a9","hash":"096c05e2e849b59a133049ca2cdf77015d5d6bc6"}
,"C:\\Users\\서주리\\Desktop\\codes\\week12\\copy_spots_test\\middlewares\\wrapAsyncController.js": {"path":"C:\\Users\\서주리\\Desktop\\codes\\week12\\copy_spots_test\\middlewares\\wrapAsyncController.js","statementMap":{"0":{"start":{"line":1,"column":28},"end":{"line":6,"column":1}},"1":{"start":{"line":2,"column":4},"end":{"line":5,"column":5}},"2":{"start":{"line":4,"column":8},"end":{"line":4,"column":38}},"3":{"start":{"line":8,"column":0},"end":{"line":8,"column":37}}},"fnMap":{"0":{"name":"(anonymous_0)","decl":{"start":{"line":1,"column":28},"end":{"line":1,"column":29}},"loc":{"start":{"line":1,"column":36},"end":{"line":6,"column":1}},"line":1},"1":{"name":"(anonymous_1)","decl":{"start":{"line":2,"column":11},"end":{"line":2,"column":12}},"loc":{"start":{"line":2,"column":31},"end":{"line":5,"column":5}},"line":2}},"branchMap":{},"s":{"0":1,"1":11,"2":0,"3":1},"f":{"0":11,"1":0},"b":{},"_coverageSchema":"1a1c01bbd47fc00a2c39e90264f33305004495a9","hash":"6b32f75a950b8130ab3e0eda6606b4f7b10f8eeb"}
,"C:\\Users\\서주리\\Desktop\\codes\\week12\\copy_spots_test\\models\\index.js": {"path":"C:\\Users\\서주리\\Desktop\\codes\\week12\\copy_spots_test\\models\\index.js","statementMap":{"0":{"start":{"line":2,"column":0},"end":{"line":2,"column":27}},"1":{"start":{"line":4,"column":11},"end":{"line":4,"column":24}},"2":{"start":{"line":5,"column":13},"end":{"line":5,"column":28}},"3":{"start":{"line":6,"column":18},"end":{"line":6,"column":38}},"4":{"start":{"line":7,"column":16},"end":{"line":7,"column":34}},"5":{"start":{"line":8,"column":17},"end":{"line":8,"column":42}},"6":{"start":{"line":9,"column":12},"end":{"line":9,"column":49}},"7":{"start":{"line":10,"column":15},"end":{"line":10,"column":63}},"8":{"start":{"line":11,"column":11},"end":{"line":11,"column":13}},"9":{"start":{"line":14,"column":0},"end":{"line":18,"column":1}},"10":{"start":{"line":15,"column":2},"end":{"line":15,"column":74}},"11":{"start":{"line":17,"column":2},"end":{"line":17,"column":87}},"12":{"start":{"line":20,"column":0},"end":{"line":27,"column":5}},"13":{"start":{"line":22,"column":4},"end":{"line":22,"column":84}},"14":{"start":{"line":25,"column":18},"end":{"line":25,"column":85}},"15":{"start":{"line":26,"column":4},"end":{"line":26,"column":27}},"16":{"start":{"line":29,"column":0},"end":{"line":33,"column":3}},"17":{"start":{"line":30,"column":2},"end":{"line":32,"column":3}},"18":{"start":{"line":31,"column":4},"end":{"line":31,"column":32}},"19":{"start":{"line":35,"column":0},"end":{"line":35,"column":25}},"20":{"start":{"line":36,"column":0},"end":{"line":36,"column":25}},"21":{"start":{"line":38,"column":0},"end":{"line":38,"column":33}},"22":{"start":{"line":42,"column":0},"end":{"line":42,"column":20}}},"fnMap":{"0":{"name":"(anonymous_0)","decl":{"start":{"line":21,"column":10},"end":{"line":21,"column":11}},"loc":{"start":{"line":21,"column":20},"end":{"line":23,"column":3}},"line":21},"1":{"name":"(anonymous_1)","decl":{"start":{"line":24,"column":11},"end":{"line":24,"column":12}},"loc":{"start":{"line":24,"column":21},"end":{"line":27,"column":3}},"line":24},"2":{"name":"(anonymous_2)","decl":{"start":{"line":29,"column":24},"end":{"line":29,"column":25}},"loc":{"start":{"line":29,"column":39},"end":{"line":33,"column":1}},"line":29}},"branchMap":{"0":{"loc":{"start":{"line":9,"column":12},"end":{"line":9,"column":49}},"type":"binary-expr","locations":[{"start":{"line":9,"column":12},"end":{"line":9,"column":32}},{"start":{"line":9,"column":36},"end":{"line":9,"column":49}}],"line":9},"1":{"loc":{"start":{"line":14,"column":0},"end":{"line":18,"column":1}},"type":"if","locations":[{"start":{"line":14,"column":0},"end":{"line":18,"column":1}},{"start":{"line":16,"column":7},"end":{"line":18,"column":1}}],"line":14},"2":{"loc":{"start":{"line":22,"column":11},"end":{"line":22,"column":83}},"type":"binary-expr","locations":[{"start":{"line":22,"column":11},"end":{"line":22,"column":34}},{"start":{"line":22,"column":38},"end":{"line":22,"column":55}},{"start":{"line":22,"column":59},"end":{"line":22,"column":83}}],"line":22},"3":{"loc":{"start":{"line":30,"column":2},"end":{"line":32,"column":3}},"type":"if","locations":[{"start":{"line":30,"column":2},"end":{"line":32,"column":3}},{"start":{},"end":{}}],"line":30}},"s":{"0":2,"1":2,"2":2,"3":2,"4":2,"5":2,"6":2,"7":2,"8":2,"9":2,"10":0,"11":2,"12":2,"13":12,"14":10,"15":10,"16":2,"17":10,"18":10,"19":2,"20":2,"21":2,"22":2},"f":{"0":12,"1":10,"2":10},"b":{"0":[2,0],"1":[0,2],"2":[12,12,10],"3":[10,0]},"_coverageSchema":"1a1c01bbd47fc00a2c39e90264f33305004495a9","hash":"be7a9cd7f7f1ec0262b42065ec72bff5a8d10f92"}
,"C:\\Users\\서주리\\Desktop\\codes\\week12\\copy_spots_test\\models\\opens.js": {"path":"C:\\Users\\서주리\\Desktop\\codes\\week12\\copy_spots_test\\models\\opens.js","statementMap":{"0":{"start":{"line":2,"column":19},"end":{"line":2,"column":39}},"1":{"start":{"line":3,"column":0},"end":{"line":63,"column":2}},"2":{"start":{"line":14,"column":2},"end":{"line":61,"column":9}},"3":{"start":{"line":62,"column":6},"end":{"line":62,"column":19}}},"fnMap":{"0":{"name":"(anonymous_0)","decl":{"start":{"line":3,"column":17},"end":{"line":3,"column":18}},"loc":{"start":{"line":3,"column":43},"end":{"line":63,"column":1}},"line":3},"1":{"name":"(anonymous_1)","decl":{"start":{"line":10,"column":4},"end":{"line":10,"column":5}},"loc":{"start":{"line":10,"column":29},"end":{"line":12,"column":5}},"line":10}},"branchMap":{},"s":{"0":2,"1":2,"2":2,"3":2},"f":{"0":2,"1":2},"b":{},"_coverageSchema":"1a1c01bbd47fc00a2c39e90264f33305004495a9","hash":"0008c8dd81dd3a794ee98694698df3193a79e463"}
,"C:\\Users\\서주리\\Desktop\\codes\\week12\\copy_spots_test\\models\\places.js": {"path":"C:\\Users\\서주리\\Desktop\\codes\\week12\\copy_spots_test\\models\\places.js","statementMap":{"0":{"start":{"line":2,"column":18},"end":{"line":2,"column":38}},"1":{"start":{"line":3,"column":0},"end":{"line":75,"column":2}},"2":{"start":{"line":13,"column":4},"end":{"line":73,"column":6}},"3":{"start":{"line":74,"column":4},"end":{"line":74,"column":18}}},"fnMap":{"0":{"name":"(anonymous_0)","decl":{"start":{"line":3,"column":17},"end":{"line":3,"column":18}},"loc":{"start":{"line":3,"column":43},"end":{"line":75,"column":1}},"line":3},"1":{"name":"(anonymous_1)","decl":{"start":{"line":10,"column":8},"end":{"line":10,"column":9}},"loc":{"start":{"line":10,"column":33},"end":{"line":11,"column":9}},"line":10}},"branchMap":{},"s":{"0":2,"1":2,"2":2,"3":2},"f":{"0":2,"1":2},"b":{},"_coverageSchema":"1a1c01bbd47fc00a2c39e90264f33305004495a9","hash":"242b563ca7010df7993579f2d4105591f35ca42f"}
,"C:\\Users\\서주리\\Desktop\\codes\\week12\\copy_spots_test\\models\\reservations.js": {"path":"C:\\Users\\서주리\\Desktop\\codes\\week12\\copy_spots_test\\models\\reservations.js","statementMap":{"0":{"start":{"line":2,"column":18},"end":{"line":2,"column":38}},"1":{"start":{"line":3,"column":0},"end":{"line":74,"column":2}},"2":{"start":{"line":21,"column":4},"end":{"line":72,"column":6}},"3":{"start":{"line":73,"column":4},"end":{"line":73,"column":24}}},"fnMap":{"0":{"name":"(anonymous_0)","decl":{"start":{"line":3,"column":17},"end":{"line":3,"column":18}},"loc":{"start":{"line":3,"column":43},"end":{"line":74,"column":1}},"line":3},"1":{"name":"(anonymous_1)","decl":{"start":{"line":10,"column":8},"end":{"line":10,"column":9}},"loc":{"start":{"line":10,"column":33},"end":{"line":19,"column":9}},"line":10}},"branchMap":{},"s":{"0":2,"1":2,"2":2,"3":2},"f":{"0":2,"1":2},"b":{},"_coverageSchema":"1a1c01bbd47fc00a2c39e90264f33305004495a9","hash":"906b090967e8a031a3e703c8feb10381b72a946d"}
,"C:\\Users\\서주리\\Desktop\\codes\\week12\\copy_spots_test\\models\\teams.js": {"path":"C:\\Users\\서주리\\Desktop\\codes\\week12\\copy_spots_test\\models\\teams.js","statementMap":{"0":{"start":{"line":2,"column":18},"end":{"line":2,"column":38}},"1":{"start":{"line":3,"column":0},"end":{"line":70,"column":2}},"2":{"start":{"line":17,"column":4},"end":{"line":68,"column":6}},"3":{"start":{"line":69,"column":4},"end":{"line":69,"column":17}}},"fnMap":{"0":{"name":"(anonymous_0)","decl":{"start":{"line":3,"column":17},"end":{"line":3,"column":18}},"loc":{"start":{"line":3,"column":43},"end":{"line":70,"column":1}},"line":3},"1":{"name":"(anonymous_1)","decl":{"start":{"line":10,"column":8},"end":{"line":10,"column":9}},"loc":{"start":{"line":10,"column":33},"end":{"line":15,"column":9}},"line":10}},"branchMap":{},"s":{"0":2,"1":2,"2":2,"3":2},"f":{"0":2,"1":2},"b":{},"_coverageSchema":"1a1c01bbd47fc00a2c39e90264f33305004495a9","hash":"cbfb3a09aa60cab4274c4c229270e6ce523aba81"}
,"C:\\Users\\서주리\\Desktop\\codes\\week12\\copy_spots_test\\models\\users.js": {"path":"C:\\Users\\서주리\\Desktop\\codes\\week12\\copy_spots_test\\models\\users.js","statementMap":{"0":{"start":{"line":2,"column":18},"end":{"line":2,"column":38}},"1":{"start":{"line":3,"column":0},"end":{"line":88,"column":2}},"2":{"start":{"line":17,"column":2},"end":{"line":86,"column":4}},"3":{"start":{"line":87,"column":2},"end":{"line":87,"column":15}}},"fnMap":{"0":{"name":"(anonymous_0)","decl":{"start":{"line":3,"column":17},"end":{"line":3,"column":18}},"loc":{"start":{"line":3,"column":43},"end":{"line":88,"column":1}},"line":3},"1":{"name":"(anonymous_1)","decl":{"start":{"line":10,"column":4},"end":{"line":10,"column":5}},"loc":{"start":{"line":10,"column":29},"end":{"line":15,"column":5}},"line":10}},"branchMap":{},"s":{"0":2,"1":2,"2":2,"3":2},"f":{"0":2,"1":2},"b":{},"_coverageSchema":"1a1c01bbd47fc00a2c39e90264f33305004495a9","hash":"b5577476fa1ca39986c78f9abc9a969f37fe2c41"}
,"C:\\Users\\서주리\\Desktop\\codes\\week12\\copy_spots_test\\repositories\\placesRepository.js": {"path":"C:\\Users\\서주리\\Desktop\\codes\\week12\\copy_spots_test\\repositories\\placesRepository.js","statementMap":{"0":{"start":{"line":1,"column":40},"end":{"line":1,"column":60}},"1":{"start":{"line":2,"column":0},"end":{"line":2,"column":27}},"2":{"start":{"line":3,"column":15},"end":{"line":3,"column":32}},"3":{"start":{"line":5,"column":9},"end":{"line":11,"column":2}},"4":{"start":{"line":12,"column":0},"end":{"line":12,"column":13}},"5":{"start":{"line":17,"column":16},"end":{"line":45,"column":3}},"6":{"start":{"line":30,"column":28},"end":{"line":42,"column":6}},"7":{"start":{"line":44,"column":4},"end":{"line":44,"column":27}},"8":{"start":{"line":47,"column":15},"end":{"line":52,"column":3}},"9":{"start":{"line":49,"column":22},"end":{"line":49,"column":66}},"10":{"start":{"line":51,"column":4},"end":{"line":51,"column":21}},"11":{"start":{"line":55,"column":17},"end":{"line":59,"column":3}},"12":{"start":{"line":56,"column":19},"end":{"line":56,"column":41}},"13":{"start":{"line":58,"column":4},"end":{"line":58,"column":18}},"14":{"start":{"line":62,"column":20},"end":{"line":69,"column":3}},"15":{"start":{"line":63,"column":25},"end":{"line":66,"column":6}},"16":{"start":{"line":68,"column":4},"end":{"line":68,"column":24}},"17":{"start":{"line":72,"column":18},"end":{"line":77,"column":3}},"18":{"start":{"line":73,"column":19},"end":{"line":73,"column":41}},"19":{"start":{"line":74,"column":18},"end":{"line":74,"column":39}},"20":{"start":{"line":76,"column":4},"end":{"line":76,"column":46}},"21":{"start":{"line":80,"column":18},"end":{"line":84,"column":3}},"22":{"start":{"line":81,"column":18},"end":{"line":81,"column":62}},"23":{"start":{"line":83,"column":4},"end":{"line":83,"column":17}},"24":{"start":{"line":87,"column":14},"end":{"line":91,"column":3}},"25":{"start":{"line":88,"column":23},"end":{"line":88,"column":66}},"26":{"start":{"line":90,"column":4},"end":{"line":90,"column":22}},"27":{"start":{"line":93,"column":17},"end":{"line":102,"column":3}},"28":{"start":{"line":94,"column":4},"end":{"line":101,"column":7}},"29":{"start":{"line":95,"column":6},"end":{"line":100,"column":9}},"30":{"start":{"line":96,"column":8},"end":{"line":98,"column":9}},"31":{"start":{"line":97,"column":10},"end":{"line":97,"column":24}},"32":{"start":{"line":99,"column":8},"end":{"line":99,"column":24}},"33":{"start":{"line":105,"column":15},"end":{"line":133,"column":3}},"34":{"start":{"line":107,"column":14},"end":{"line":107,"column":33}},"35":{"start":{"line":109,"column":40},"end":{"line":109,"column":41}},"36":{"start":{"line":111,"column":4},"end":{"line":117,"column":7}},"37":{"start":{"line":112,"column":18},"end":{"line":112,"column":235}},"38":{"start":{"line":113,"column":19},"end":{"line":113,"column":205}},"39":{"start":{"line":114,"column":19},"end":{"line":114,"column":47}},"40":{"start":{"line":115,"column":20},"end":{"line":115,"column":49}},"41":{"start":{"line":116,"column":6},"end":{"line":116,"column":46}},"42":{"start":{"line":118,"column":6},"end":{"line":131,"column":7}},"43":{"start":{"line":119,"column":21},"end":{"line":119,"column":429}},"44":{"start":{"line":120,"column":21},"end":{"line":120,"column":369}},"45":{"start":{"line":121,"column":22},"end":{"line":121,"column":51}},"46":{"start":{"line":122,"column":22},"end":{"line":122,"column":51}},"47":{"start":{"line":123,"column":8},"end":{"line":123,"column":49}},"48":{"start":{"line":126,"column":19},"end":{"line":126,"column":622}},"49":{"start":{"line":127,"column":19},"end":{"line":127,"column":532}},"50":{"start":{"line":128,"column":20},"end":{"line":128,"column":49}},"51":{"start":{"line":129,"column":20},"end":{"line":129,"column":49}},"52":{"start":{"line":130,"column":6},"end":{"line":130,"column":47}},"53":{"start":{"line":136,"column":17},"end":{"line":155,"column":3}},"54":{"start":{"line":149,"column":25},"end":{"line":152,"column":5}},"55":{"start":{"line":153,"column":23},"end":{"line":153,"column":68}},"56":{"start":{"line":154,"column":4},"end":{"line":154,"column":22}},"57":{"start":{"line":158,"column":17},"end":{"line":162,"column":3}},"58":{"start":{"line":159,"column":24},"end":{"line":159,"column":78}},"59":{"start":{"line":161,"column":4},"end":{"line":161,"column":23}},"60":{"start":{"line":165,"column":17},"end":{"line":169,"column":3}},"61":{"start":{"line":166,"column":24},"end":{"line":166,"column":55}},"62":{"start":{"line":168,"column":4},"end":{"line":168,"column":23}},"63":{"start":{"line":172,"column":25},"en
[...]
":25},"2":{"name":"(anonymous_2)","decl":{"start":{"line":38,"column":17},"end":{"line":38,"column":18}},"loc":{"start":{"line":38,"column":68},"end":{"line":59,"column":5}},"line":38},"3":{"name":"(anonymous_3)","decl":{"start":{"line":47,"column":39},"end":{"line":47,"column":40}},"loc":{"start":{"line":47,"column":46},"end":{"line":49,"column":9}},"line":47},"4":{"name":"(anonymous_4)","decl":{"start":{"line":62,"column":17},"end":{"line":62,"column":18}},"loc":{"start":{"line":62,"column":66},"end":{"line":83,"column":5}},"line":62},"5":{"name":"(anonymous_5)","decl":{"start":{"line":86,"column":17},"end":{"line":86,"column":18}},"loc":{"start":{"line":86,"column":43},"end":{"line":113,"column":5}},"line":86}},"branchMap":{"0":{"loc":{"start":{"line":14,"column":8},"end":{"line":20,"column":9}},"type":"if","locations":[{"start":{"line":14,"column":8},"end":{"line":20,"column":9}},{"start":{},"end":{}}],"line":14},"1":{"loc":{"start":{"line":27,"column":8},"end":{"line":33,"column":9}},"type":"if","locations":[{"start":{"line":27,"column":8},"end":{"line":33,"column":9}},{"start":{},"end":{}}],"line":27},"2":{"loc":{"start":{"line":39,"column":8},"end":{"line":45,"column":9}},"type":"if","locations":[{"start":{"line":39,"column":8},"end":{"line":45,"column":9}},{"start":{},"end":{}}],"line":39},"3":{"loc":{"start":{"line":39,"column":12},"end":{"line":39,"column":43}},"type":"binary-expr","locations":[{"start":{"line":39,"column":12},"end":{"line":39,"column":21}},{"start":{"line":39,"column":25},"end":{"line":39,"column":32}},{"start":{"line":39,"column":36},"end":{"line":39,"column":43}}],"line":39},"4":{"loc":{"start":{"line":50,"column":8},"end":{"line":56,"column":9}},"type":"if","locations":[{"start":{"line":50,"column":8},"end":{"line":56,"column":9}},{"start":{},"end":{}}],"line":50},"5":{"loc":{"start":{"line":64,"column":12},"end":{"line":70,"column":13}},"type":"if","locations":[{"start":{"line":64,"column":12},"end":{"line":70,"column":13}},{"start":{},"end":{}}],"line":64},"6":{"loc":{"start":{"line":71,"column":12},"end":{"line":71,"column":48}},"type":"if","locations":[{"start":{"line":71,"column":12},"end":{"line":71,"column":48}},{"start":{},"end":{}}],"line":71},"7":{"loc":{"start":{"line":73,"column":12},"end":{"line":79,"column":13}},"type":"if","locations":[{"start":{"line":73,"column":12},"end":{"line":79,"column":13}},{"start":{},"end":{}}],"line":73},"8":{"loc":{"start":{"line":80,"column":12},"end":{"line":80,"column":59}},"type":"if","locations":[{"start":{"line":80,"column":12},"end":{"line":80,"column":59}},{"start":{},"end":{}}],"line":80},"9":{"loc":{"start":{"line":94,"column":12},"end":{"line":94,"column":59}},"type":"if","locations":[{"start":{"line":94,"column":12},"end":{"line":94,"column":59}},{"start":{},"end":{}}],"line":94},"10":{"loc":{"start":{"line":97,"column":12},"end":{"line":103,"column":13}},"type":"if","locations":[{"start":{"line":97,"column":12},"end":{"line":103,"column":13}},{"start":{},"end":{}}],"line":97},"11":{"loc":{"start":{"line":104,"column":12},"end":{"line":110,"column":13}},"type":"if","locations":[{"start":{"line":104,"column":12},"end":{"line":110,"column":13}},{"start":{},"end":{}}],"line":104}},"s":{"0":1,"1":1,"2":1,"3":1,"4":1,"5":1,"6":1,"7":0,"8":0,"9":0,"10":0,"11":0,"12":0,"13":0,"14":0,"15":1,"16":0,"17":0,"18":0,"19":0,"20":0,"21":0,"22":0,"23":0,"24":1,"25":0,"26":0,"27":0,"28":0,"29":0,"30":0,"31":0,"32":0,"33":0,"34":0,"35":0,"36":0,"37":0,"38":0,"39":0,"40":0,"41":0,"42":1,"43":0,"44":0,"45":0,"46":0,"47":0,"48":0,"49":0,"50":0,"51":0,"52":0,"53":0,"54":0,"55":0,"56":0,"57":0,"58":0,"59":0,"60":0,"61":0,"62":0,"63":1,"64":0,"65":0,"66":0,"67":0,"68":0,"69":0,"70":0,"71":0,"72":0,"73":0,"74":0,"75":0,"76":0,"77":0,"78":0,"79":0,"80":0,"81":0,"82":0,"83":0,"84":0,"85":0,"86":0,"87":0,"88":1},"f":{"0":0,"1":0,"2":0,"3":0,"4":0,"5":0},"b":{"0":[0,0],"1":[0,0],"2":[0,0],"3":[0,0,0],"4":[0,0],"5":[0,0],"6":[0,0],"7":[0,0],"8":[0,0],"9":[0,0],"10":[0,0],"11":[0,0]},"_coverageSchema":"1a1c01bbd47fc00a2c39e90264f33305004495a9","hash":"3489e57f328a90e686f47e829b698b02a35d1821"}
,"C:\\Users\\서주리\\Desktop\\codes\\week12\\copy_spots_test\\services\\usersService.js": {"path":"C:\\Users\\서주리\\Desktop\\codes\\week12\\copy_spots_test\\services\\usersService.js","statementMap":{"0":{"start":{"line":1,"column":24},"end":{"line":1,"column":66}},"1":{"start":{"line":2,"column":12},"end":{"line":2,"column":35}},"2":{"start":{"line":3,"column":15},"end":{"line":3,"column":32}},"3":{"start":{"line":4,"column":15},"end":{"line":4,"column":32}},"4":{"start":{"line":5,"column":22},"end":{"line":5,"column":42}},"5":{"start":{"line":6,"column":0},"end":{"line":6,"column":27}},"6":{"start":{"line":9,"column":20},"end":{"line":9,"column":41}},"7":{"start":{"line":11,"column":15},"end":{"line":61,"column":3}},"8":{"start":{"line":21,"column":20},"end":{"line":21,"column":63}},"9":{"start":{"line":22,"column":4},"end":{"line":24,"column":5}},"10":{"start":{"line":23,"column":6},"end":{"line":23,"column":25}},"11":{"start":{"line":25,"column":22},"end":{"line":25,"column":68}},"12":{"start":{"line":26,"column":4},"end":{"line":28,"column":5}},"13":{"start":{"line":27,"column":6},"end":{"line":27,"column":25}},"14":{"start":{"line":29,"column":23},"end":{"line":29,"column":67}},"15":{"start":{"line":30,"column":4},"end":{"line":32,"column":5}},"16":{"start":{"line":31,"column":6},"end":{"line":31,"column":25}},"17":{"start":{"line":33,"column":4},"end":{"line":39,"column":5}},"18":{"start":{"line":35,"column":29},"end":{"line":35,"column":76}},"19":{"start":{"line":36,"column":6},"end":{"line":38,"column":7}},"20":{"start":{"line":37,"column":8},"end":{"line":37,"column":27}},"21":{"start":{"line":40,"column":17},"end":{"line":40,"column":41}},"22":{"start":{"line":41,"column":24},"end":{"line":41,"column":55}},"23":{"start":{"line":42,"column":4},"end":{"line":42,"column":27}},"24":{"start":{"line":44,"column":4},"end":{"line":52,"column":6}},"25":{"start":{"line":54,"column":4},"end":{"line":54,"column":58}},"26":{"start":{"line":55,"column":4},"end":{"line":58,"column":5}},"27":{"start":{"line":56,"column":6},"end":{"line":56,"column":58}},"28":{"start":{"line":57,"column":6},"end":{"line":57,"column":62}},"29":{"start":{"line":60,"column":4},"end":{"line":60,"column":11}},"30":{"start":{"line":63,"column":12},"end":{"line":67,"column":3}},"31":{"start":{"line":64,"column":20},"end":{"line":64,"column":63}},"32":{"start":{"line":66,"column":4},"end":{"line":66,"column":19}},"33":{"start":{"line":69,"column":12},"end":{"line":75,"column":3}},"34":{"start":{"line":70,"column":20},"end":{"line":70,"column":63}},"35":{"start":{"line":71,"column":4},"end":{"line":73,"column":5}},"36":{"start":{"line":72,"column":6},"end":{"line":72,"column":13}},"37":{"start":{"line":74,"column":4},"end":{"line":74,"column":19}},"38":{"start":{"line":77,"column":14},"end":{"line":80,"column":3}},"39":{"start":{"line":78,"column":22},"end":{"line":78,"column":68}},"40":{"start":{"line":79,"column":4},"end":{"line":79,"column":21}},"41":{"start":{"line":82,"column":15},"end":{"line":85,"column":3}},"42":{"start":{"line":83,"column":23},"end":{"line":83,"column":67}},"43":{"start":{"line":84,"column":4},"end":{"line":84,"column":22}},"44":{"start":{"line":88,"column":12},"end":{"line":104,"column":3}},"45":{"start":{"line":89,"column":16},"end":{"line":94,"column":6}},"46":{"start":{"line":95,"column":17},"end":{"line":95,"column":60}},"47":{"start":{"line":96,"column":24},"end":{"line":100,"column":6}},"48":{"start":{"line":102,"column":21},"end":{"line":102,"column":69}},"49":{"start":{"line":103,"column":4},"end":{"line":103,"column":20}},"50":{"start":{"line":105,"column":13},"end":{"line":110,"column":3}},"51":{"start":{"line":106,"column":22},"end":{"line":106,"column":63}},"52":{"start":{"line":107,"column":4},"end":{"line":109,"column":24}},"53":{"start":{"line":108,"column":6},"end":{"line":108,"column":18}},"54":{"start":{"line":109,"column":11},"end":{"line":109,"column":24}},"55":{"start":{"line":112,"column":11},"end":{"line":119,"column":3}},"56":{"start":{"line":113,"column":19},"end":{"line":113,"column":63}},"57":{"start":{"line":114,"column":4},"end":{"line":114,"column":36}},"58":{"start":{"line":114,"column":17},"end":{"line":114,"column":36}},"59":{"start":{"line":115,"column":4},"end":{"line":118,"column":6}},"60":{"start":{"line":122,"column":13},"end":{"line":129,"column":3}},"61":{"start":{"line":123,"column":21},"end":{"line":123,"column":58}},"62":{"start":{"line":124,"column":17},"end":{"line":124,"column":41}},"63":{"start":{"line":125,"column":24},"end":{"line":125,"column":55}},"64":{"start":{"line":126,"column":21},"end":{"line":126,"column":80}},"65":{"start":{"line":127,"column":4},"end":{"line":127,"column":38}},"66":{"start":{"line":127,"column":19},"end":{"line":127,"column":38}},"67":{"start":{"line":128,"column":4},"end":{"line":128,"column":20}},"68":{"start":{"line":132,"column":17},"end":{"line":135,"column":3}},"69":{"start":{"line":133,"column":25},"end":{"line":133,"column":80}},"70":{"start":{"line":134,"column":4},"end":{"line":134,"column":24}},"71":{"start":{"line":137,"column":14},"end":{"line":163,"column":3}},"72":{"start":{"line":138,"column":17},"end":{"line":138,"column":60}},"73":{"start":{"line":140,"column":4},"end":{"line":142,"column":5}},"74":{"start":{"line":141,"column":6},"end":{"line":141,"column":25}},"75":{"start":{"line":143,"column":21},"end":{"line":143,"column":66}},"76":{"start":{"line":144,"column":4},"end":{"line":146,"column":5}},"77":{"start":{"line":145,"column":6},"end":{"line":145,"column":25}},"78":{"start":{"line":147,"column":19},"end":{"line":147,"column":56}},"79":{"start":{"line":148,"column":24},"end":{"line":154,"column":5}},"80":{"start":{"line":155,"column":25},"end":{"line":157,"column":6}},"81":{"start":{"line":158,"column":4},"end":{"line":158,"column":73}},"82":{"start":{"line":159,"column":4},"end":{"line":162,"column":6}},"83":{"start":{"line":165,"column":14},"end":{"line":168,"column":3}},"84":{"start":{"line":166,"column":22},"end":{"line":166,"column":74}},"85":{"start":{"line":167,"column":4},"end":{"line":167,"column":21}},"86":{"start":{"line":170,"column":15},"end":{"line":199,"column":3}},"87":{"start":{"line":171,"column":4},"end":{"line":176,"column":5}},"88":{"start":{"line":172,"column":24},"end":{"line":172,"column":70}},"89":{"start":{"line":173,"column":6},"end":{"line":175,"column":7}},"90":{"start":{"line":174,"column":8},"end":{"line":174,"column":27}},"91":{"start":{"line":177,"column":4},"end":{"line":182,"column":5}},"92":{"start":{"line":178,"column":25},"end":{"line":178,"column":69}},"93":{"start":{"line":179,"column":6},"end":{"line":181,"column":7}},"94":{"start":{"line":180,"column":8},"end":{"line":180,"column":27}},"95":{"start":{"line":183,"column":4},"end":{"line":187,"column":5}},"96":{"start":{"line":184,"column":19},"end":{"line":184,"column":43}},"97":{"start":{"line":185,"column":24},"end":{"line":185,"column":55}},"98":{"start":{"line":186,"column":6},"end":{"line":186,"column":27}},"99":{"start":{"line":188,"column":4},"end":{"line":196,"column":6}},"100":{"start":{"line":197,"column":22},"end":{"line":197,"column":65}},"101":{"start":{"line":198,"column":4},"end":{"line":198,"column":21}},"102":{"start":{"line":200,"column":14},"end":{"line":204,"column":3}},"103":{"start":{"line":201,"column":22},"end":{"line":201,"column":79}},"104":{"start":{"line":202,"column":4},"end":{"line":202,"column":42}},"105":{"start":{"line":202,"column":23},"end":{"line":202,"column":42}},"106":{"start":{"line":203,"column":4},"end":{"line":203,"column":21}},"107":{"start":{"line":206,"column":13},"end":{"line":209,"column":3}},"108":{"start":{"line":207,"column":4},"end":{"line":207,"column":49}},"109":{"start":{"line":208,"column":4},"end":{"line":208,"column":11}},"110":{"start":{"line":211,"column":15},"end":{"line":214,"column":3}},"111":{"start":{"line":212,"column":4},"end":{"line":212,"column":51}},"112":{"start":{"line":213,"column":4},"end":{"line":213,"column":11}},"113":{"start":{"line":217,"column":0},"end":{"line":217,"column":30}}},"fnMap":{"0":{"name":"(anonymous_0)","decl":{"start":{"line":11,"column":15},"end":{"line":11,"column":16}},"loc":{"start":{"line":20,"column":7},"end":{"line":61,"column":3}},"line":20},"1":{"name":"(anonymous_1)","decl":{"start":{"line":63,"column":12},"end":{"line":63,"column":13}},"loc":{"start":{"line":63,"column":31},"end":{"line":67,"column":3}},"line":63},"2":{"name":"(anonymous_2)","decl":{"start":{"line":69,"column":12},"end":{"line":69,"column":13}},"loc":{"start":{"line":69,"column":31},"end":{"line":75,"column":3}},"line":69},"3":{"name":"(anonymous_3)","decl":{"start":{"line":77,"column":14},"end":{"line":77,"column":15}},"loc":{"start":{"line":77,"column":34},"end":{"line":80,"column":3}},"line":77},"4":{"name":"(anonymous_4)","decl":{"start":{"line":82,"column":15},"end":{"line":82,"column":16}},"loc":{"start":{"line":82,"column":32},"end":{"line":85,"column":3}},"line":82},"5":{"name":"(anonymous_5)","decl":{"start":{"line":88,"column":12},"end":{"line":88,"column":13}},"loc":{"start":{"line":88,"column":29},"end":{"line":104,"column":3}},"line":88},"6":{"name":"(anonymous_6)","decl":{"start":{"line":105,"column":13},"end":{"line":105,"column":14}},"loc":{"start":{"line":105,"column":36},"end":{"line":110,"column":3}},"line":105},"7":{"name":"(anonymous_7)","decl":{"start":{"line":112,"column":11},"end":{"line":112,"column":12}},"loc":{"start":{"line":112,"column":28},"end":{"line":119,"column":3}},"line":112},"8":{"name":"(anonymous_8)","decl":{"start":{"line":122,"column":13},"end":{"line":122,"column":14}},"loc":{"start":{"line":122,"column":32},"end":{"line":129,"column":3}},"line":122},"9":{"name":"(anonymous_9)","decl":{"start":{"line":132,"column":17},"end":{"line":132,"column":18}},"loc":{"start":{"line":132,"column":43},"end":{"line":135,"column":3}},"line":132},"10":{"name":"(anonymous_10)","decl":{"start":{"line":137,"column":14},"end":{"line":137,"column":15}},"loc":{"start":{"line":137,"column":43},"end":{"line":163,"column":3}},"line":137},"11":{"name":"(anonymous_11)","decl":{"start":{"line":165,"column":14},"end":{"line":165,"column":15}},"loc":{"start":{"line":165,"column":40},"end":{"line":168,"column":3}},"line":165},"12":{"name":"(anonymous_12)","decl":{"start":{"line":170,"column":15},"end":{"line":170,"column":16}},"loc":{"start":{"line":170,"column":88},"end":{"line":199,"column":3}},"line":170},"13":{"name":"(anonymous_13)","decl":{"start":{"line":200,"column":14},"end":{"line":200,"column":15}},"loc":{"start":{"line":200,"column":45},"end":{"line":204,"column":3}},"line":200},"14":{"name":"(anonymous_14)","decl":{"start":{"line":206,"column":13},"end":{"line":206,"column":14}},"loc":{"start":{"line":206,"column":32},"end":{"line":209,"column":3}},"line":206},"15":{"name":"(anonymous_15)","decl":{"start":{"line":211,"column":15},"end":{"line":211,"column":16}},"loc":{"start":{"line":211,"column":34},"end":{"line":214,"column":3}},"line":211}},"branchMap":{"0":{"loc":{"start":{"line":22,"column":4},"end":{"line":24,"column":5}},"type":"if","locations":[{"start":{"line":22,"column":4},"end":{"line":24,"column":5}},{"start":{},"end":{}}],"line":22},"1":{"loc":{"start":{"line":26,"column":4},"end":{"line":28,"column":5}},"type":"if","locations":[{"start":{"line":26,"column":4},"end":{"line":28,"column":5}},{"start":{},"end":{}}],"line":26},"2":{"loc":{"start":{"line":30,"column":4},"end":{"line":32,"column":5}},"type":"if","locations":[{"start":{"line":30,"column":4},"end":{"line":32,"column":5}},{"start":{},"end":{}}],"line":30},"3":{"loc":{"start":{"line":33,"column":4},"end":{"line":39,"column":5}},"type":"if","locations":[{"start":{"line":33,"column":4},"end":{"line":39,"column":5}},{"start":{},"end":{}}],"line":33},"4":{"loc":{"start":{"line":36,"column":6},"end":{"line":38,"column":7}},"type":"if","locations":[{"start":{"line":36,"column":6},"end":{"line":38,"column":7}},{"start":{},"end":{}}],"line":36},"5":{"loc":{"start":{"line":55,"column":4},"end":{"line":58,"column":5}},"type":"if","locations":[{"start":{"line":55,"column":4},"end":{"line":58,"column":5}},{"start":{},"end":{}}],"line":55},"6":{"loc":{"start":{"line":71,"column":4},"end":{"line":73,"column":5}},"type":"if","locations":[{"start":{"line":71,"column":4},"end":{"line":73,"column":5}},{"start":{},"end":{}}],"line":71},"7":{"loc":{"start":{"line":107,"column":4},"end":{"line":109,"column":24}},"type":"if","locations":[{"start":{"line":107,"column":4},"end":{"line":109,"column":24}},{"start":{"line":109,"column":11},"end":{"line":109,"column":24}}],"line":107},"8":{"loc":{"start":{"line":114,"column":4},"end":{"line":114,"column":36}},"type":"if","locations":[{"start":{"line":114,"column":4},"end":{"line":114,"column":36}},{"start":{},"end":{}}],"line":114},"9":{"loc":{"start":{"line":127,"column":4},"end":{"line":127,"column":38}},"type":"if","locations":[{"start":{"line":127,"column":4},"end":{"line":127,"column":38}},{"start":{},"end":{}}],"line":127},"10":{"loc":{"start":{"line":140,"column":4},"end":{"line":142,"column":5}},"type":"if","locations":[{"start":{"line":140,"column":4},"end":{"line":142,"column":5}},{"start":{},"end":{}}],"line":140},"11":{"loc":{"start":{"line":144,"column":4},"end":{"line":146,"column":5}},"type":"if","locations":[{"start":{"line":144,"column":4},"end":{"line":146,"column":5}},{"start":{},"end":{}}],"line":144},"12":{"loc":{"start":{"line":171,"column":4},"end":{"line":176,"column":5}},"type":"if","locations":[{"start":{"line":171,"column":4},"end":{"line":176,"column":5}},{"start":{},"end":{}}],"line":171},"13":{"loc":{"start":{"line":173,"column":6},"end":{"line":175,"column":7}},"type":"if","locations":[{"start":{"line":173,"column":6},"end":{"line":175,"column":7}},{"start":{},"end":{}}],"line":173},"14":{"loc":{"start":{"line":177,"column":4},"end":{"line":182,"column":5}},"type":"if","locations":[{"start":{"line":177,"column":4},"end":{"line":182,"column":5}},{"start":{},"end":{}}],"line":177},"15":{"loc":{"start":{"line":179,"column":6},"end":{"line":181,"column":7}},"type":"if","locations":[{"start":{"line":179,"column":6},"end":{"line":181,"column":7}},{"start":{},"end":{}}],"line":179},"16":{"loc":{"start":{"line":183,"column":4},"end":{"line":187,"column":5}},"type":"if","locations":[{"start":{"line":183,"column":4},"end":{"line":187,"column":5}},{"start":{},"end":{}}],"line":183},"17":{"loc":{"start":{"line":202,"column":4},"end":{"line":202,"column":42}},"type":"if","locations":[{"start":{"line":202,"column":4},"end":{"line":202,"column":42}},{"start":{},"end":{}}],"line":202}},"s":{"0":1,"1":1,"2":1,"3":1,"4":1,"5":1,"6":1,"7":1,"8":0,"9":0,"10":0,"11":0,"12":0,"13":0,"14":0,"15":0,"16":0,"17":0,"18":0,"19":0,"20":0,"21":0,"22":0,"23":0,"24":0,"25":0,"26":0,"27":0,"28":0,"29":0,"30":1,"31":0,"32":0,"33":1,"34":0,"35":0,"36":0,"37":0,"38":1,"39":0,"40":0,"41":1,"42":0,"43":0,"44":1,"45":0,"46":0,"47":0,"48":0,"49":0,"50":1,"51":0,"52":0,"53":0,"54":0,"55":1,"56":0,"57":0,"58":0,"59":0,"60":1,"61":0,"62":0,"63":0,"64":0,"65":0,"66":0,"67":0,"68":1,"69":0,"70":0,"71":1,"72":0,"73":0,"74":0,"75":0,"76":0,"77":0,"78":0,"79":0,"80":0,"81":0,"82":0,"83":1,"84":0,"85":0,"86":1,"87":0,"88":0,"89":0,"90":0,"91":0,"92":0,"93":0,"94":0,"95":0,"96":0,"97":0,"98":0,"99":0,"100":0,"101":0,"102":1,"103":0,"104":0,"105":0,"106":0,"107":1,"108":0,"109":0,"110":1,"111":0,"112":0,"113":1},"f":{"0":0,"1":0,"2":0,"3":0,"4":0,"5":0,"6":0,"7":0,"8":0,"9":0,"10":0,"11":0,"12":0,"13":0,"14":0,"15":0},"b":{"0":[0,0],"1":[0,0],"2":[0,0],"3":[0,0],"4":[0,0],"5":[0,0],"6":[0,0],"7":[0,0],"8":[0,0],"9":[0,0],"10":[0,0],"11":[0,0],"12":[0,0],"13":[0,0],"14":[0,0],"15":[0,0],"16":[0,0],"17":[0,0]},"_coverageSchema":"1a1c01bbd47fc00a2c39e90264f33305004495a9","hash":"eae0c205073ac5158853710d0588b4b2ae42612e"}
}
