TN:
SF:app.js
FN:38,(anonymous_0)
FN:44,(anonymous_1)
FNF:2
FNH:0
FNDA:0,(anonymous_0)
FNDA:0,(anonymous_1)
DA:1,1
DA:2,1
DA:3,1
DA:4,1
DA:5,1
DA:6,1
DA:7,1
DA:8,1
DA:10,1
DA:11,1
DA:12,1
DA:13,1
DA:15,1
DA:16,1
DA:17,1
DA:19,1
DA:30,1
DA:32,1
DA:34,1
DA:36,1
DA:38,1
DA:39,0
DA:42,1
DA:44,1
DA:45,0
DA:48,1
LF:26
LH:24
BRF:0
BRH:0
end_of_record
TN:
SF:mail.js
FN:4,(anonymous_0)
FN:28,(anonymous_1)
FNF:2
FNH:0
FNDA:0,(anonymous_0)
FNDA:0,(anonymous_1)
DA:1,1
DA:2,1
DA:4,1
DA:5,0
DA:17,0
DA:28,0
DA:29,0
DA:30,0
DA:32,0
DA:37,1
LF:10
LH:4
BRDA:29,0,0,0
BRDA:29,0,1,0
BRF:2
BRH:0
end_of_record
TN:
SF:socket.js
FN:3,(anonymous_0)
FN:5,publicRooms
FN:12,(anonymous_2)
FN:20,findUser
FN:27,(anonymous_4)
FN:33,findRoom
FN:40,(anonymous_6)
FN:49,countRoom
FN:53,(anonymous_8)
FN:60,(anonymous_9)
FN:82,(anonymous_10)
FN:91,(anonymous_11)
FN:98,(anonymous_12)
FN:106,(anonymous_13)
FNF:14
FNH:1
FNDA:1,(anonymous_0)
FNDA:0,publicRooms
FNDA:0,(anonymous_2)
FNDA:0,findUser
FNDA:0,(anonymous_4)
FNDA:0,findRoom
FNDA:0,(anonymous_6)
FNDA:0,countRoom
FNDA:0,(anonymous_8)
FNDA:0,(anonymous_9)
FNDA:0,(anonymous_10)
FNDA:0,(anonymous_11)
FNDA:0,(anonymous_12)
FNDA:0,(anonymous_13)
DA:1,1
DA:3,1
DA:4,1
DA:10,0
DA:11,0
DA:12,0
DA:13,0
DA:14,0
DA:17,0
DA:25,0
DA:26,0
DA:27,0
DA:28,0
DA:30,0
DA:38,0
DA:39,0
DA:40,0
DA:41,0
DA:42,0
DA:45,0
DA:50,0
DA:53,1
DA:54,0
DA:55,0
DA:56,0
DA:57,0
DA:59,0
DA:60,0
DA:61,0
DA:62,0
DA:63,0
DA:64,0
DA:65,0
DA:66,0
DA:67,0
DA:68,0
DA:69,0
DA:82,0
DA:83,0
DA:84,0
DA:85,0
DA:86,0
DA:87,0
DA:88,0
DA:91,0
DA:92,0
DA:93,0
DA:94,0
DA:95,0
DA:98,0
DA:100,0
DA:101,0
DA:102,0
DA:103,0
DA:106,0
DA:108,0
LF:56
LH:4
BRDA:13,0,0,0
BRDA:13,0,1,0
BRDA:41,1,0,0
BRDA:41,1,1,0
BRF:4
BRH:0
end_of_record
TN:
SF:config\config.js
FNF:0
FNH:0
DA:1,2
DA:3,2
DA:10,2
DA:17,2
DA:25,2
LF:5
LH:5
BRF:0
BRH:0
end_of_record
TN:
SF:controllers\placesController.js
FN:7,(anonymous_0)
FN:46,(anonymous_1)
FN:59,(anonymous_2)
FN:73,(anonymous_3)
FN:88,(anonymous_4)
FN:104,(anonymous_5)
FN:120,(anonymous_6)
FN:137,(anonymous_7)
FN:163,(anonymous_8)
FN:182,(anonymous_9)
FN:199,(anonymous_10)
FN:216,(anonymous_11)
FNF:12
FNH:0
FNDA:0,(anonymous_0)
FNDA:0,(anonymous_1)
FNDA:0,(anonymous_2)
FNDA:0,(anonymous_3)
FNDA:0,(anonymous_4)
FNDA:0,(anonymous_5)
FNDA:0,(anonymous_6)
FNDA:0,(anonymous_7)
FNDA:0,(anonymous_8)
FNDA:0,(anonymous_9)
FNDA:0,(anonymous_10)
FNDA:0,(anonymous_11)
DA:1,1
DA:4,1
DA:7,1
DA:9,0
DA:11,0
DA:12,0
DA:14,0
DA:15,0
DA:17,0
DA:31,0
DA:34,0
DA:35,0
DA:36,0
DA:37,0
DA:38,0
DA:39,0
DA:46,1
DA:48,0
DA:49,0
DA:51,0
DA:54,0
DA:59,1
DA:61,0
DA:62,0
DA:64,0
DA:67,0
DA:73,1
DA:75,0
DA:76,0
DA:78,0
DA:81,0
DA:88,1
DA:90,0
DA:91,0
DA:92,0
DA:94,0
DA:97,0
DA:104,1
DA:106,0
DA:107,0
DA:108,0
DA:110,0
DA:113,0
DA:120,1
DA:122,0
DA:123,0
DA:124,0
DA:126,0
DA:129,0
DA:137,1
DA:139,0
DA:140,0
DA:141,0
DA:142,0
DA:146,0
DA:152,0
DA:155,0
DA:163,1
DA:165,0
DA:166,0
DA:167,0
DA:169,0
DA:171,0
DA:174,0
DA:182,1
DA:185,0
DA:186,0
DA:188,0
DA:192,0
DA:199,1
DA:202,0
DA:203,0
DA:204,0
DA:206,0
DA:209,0
DA:216,1
DA:219,0
DA:220,0
DA:221,0
DA:223,0
DA:226,0
DA:231,1
LF:82
LH:15
BRDA:15,0,0,0
BRDA:15,0,1,0
BRDA:34,1,0,0
BRDA:34,1,1,0
BRDA:36,2,0,0
BRDA:36,2,1,0
BRDA:38,3,0,0
BRDA:38,3,1,0
BRDA:54,4,0,0
BRDA:54,4,1,0
BRDA:67,5,0,0
BRDA:67,5,1,0
BRDA:81,6,0,0
BRDA:81,6,1,0
BRDA:97,7,0,0
BRDA:97,7,1,0
BRDA:113,8,0,0
BRDA:113,8,1,0
BRDA:129,9,0,0
BRDA:129,9,1,0
BRDA:155,10,0,0
BRDA:155,10,1,0
BRDA:174,11,0,0
BRDA:174,11,1,0
BRDA:192,12,0,0
BRDA:192,12,1,0
BRDA:209,13,0,0
BRDA:209,13,1,0
BRDA:226,14,0,0
BRDA:226,14,1,0
BRF:30
BRH:0
end_of_record
TN:
SF:controllers\reservationsController.js
FN:6,(anonymous_0)
FN:11,(anonymous_1)
FN:19,(anonymous_2)
FN:26,(anonymous_3)
FN:33,(anonymous_4)
FN:39,(anonymous_5)
FN:46,(anonymous_6)
FNF:7
FNH:0
FNDA:0,(anonymous_0)
FNDA:0,(anonymous_1)
FNDA:0,(anonymous_2)
FNDA:0,(anonymous_3)
FNDA:0,(anonymous_4)
FNDA:0,(anonymous_5)
FNDA:0,(anonymous_6)
DA:1,1
DA:4,1
DA:6,1
DA:7,0
DA:11,1
DA:12,0
DA:13,0
DA:14,0
DA:15,0
DA:19,1
DA:20,0
DA:21,0
DA:22,0
DA:26,1
DA:27,0
DA:28,0
DA:29,0
DA:33,1
DA:34,0
DA:35,0
DA:39,1
DA:40,0
DA:41,0
DA:42,0
DA:46,1
DA:47,0
DA:48,0
DA:49,0
DA:50,0
DA:54,1
LF:30
LH:10
BRF:0
BRH:0
end_of_record
TN:
SF:controllers\teamsController.js
FN:7,(anonymous_0)
FN:15,(anonymous_1)
FN:22,(anonymous_2)
FN:32,(anonymous_3)
FN:40,(anonymous_4)
FNF:5
FNH:0
FNDA:0,(anonymous_0)
FNDA:0,(anonymous_1)
FNDA:0,(anonymous_2)
FNDA:0,(anonymous_3)
FNDA:0,(anonymous_4)
DA:1,1
DA:4,1
DA:7,1
DA:8,0
DA:9,0
DA:10,0
DA:11,0
DA:15,1
DA:16,0
DA:17,0
DA:18,0
DA:22,1
DA:23,0
DA:24,0
DA:25,0
DA:26,0
DA:27,0
DA:28,0
DA:32,1
DA:33,0
DA:34,0
DA:35,0
DA:36,0
DA:40,1
DA:41,0
DA:42,0
DA:43,0
DA:44,0
DA:48,1
LF:29
LH:8
BRDA:26,0,0,0
BRDA:26,0,1,0
BRF:2
BRH:0
end_of_record
TN:
SF:controllers\usersController.js
FN:7,(anonymous_0)
FN:55,(anonymous_1)
FN:73,(anonymous_2)
FN:91,(anonymous_3)
FN:113,(anonymous_4)
FN:133,(anonymous_5)
FN:153,(anonymous_6)
FN:159,(anonymous_7)
FN:171,(anonymous_8)
FN:197,(anonymous_9)
FN:208,(anonymous_10)
FN:219,(anonymous_11)
FN:249,(anonymous_12)
FN:266,(anonymous_13)
FN:277,(anonymous_14)
FNF:15
FNH:0
FNDA:0,(anonymous_0)
FNDA:0,(anonymous_1)
FNDA:0,(anonymous_2)
FNDA:0,(anonymous_3)
FNDA:0,(anonymous_4)
FNDA:0,(anonymous_5)
FNDA:0,(anonymous_6)
FNDA:0,(anonymous_7)
FNDA:0,(anonymous_8)
FNDA:0,(anonymous_9)
FNDA:0,(anonymous_10)
FNDA:0,(anonymous_11)
FNDA:0,(anonymous_12)
FNDA:0,(anonymous_13)
FNDA:0,(anonymous_14)
DA:1,1
DA:2,1
DA:5,1
DA:7,1
DA:8,0
DA:19,0
DA:21,0
DA:22,0
DA:24,0
DA:35,0
DA:37,0
DA:38,0
DA:39,0
DA:40,0
DA:41,0
DA:42,0
DA:43,0
DA:44,0
DA:45,0
DA:46,0
DA:48,0
DA:49,0
DA:55,1
DA:56,0
DA:57,0
DA:58,0
DA:59,0
DA:60,0
DA:62,0
DA:64,0
DA:65,0
DA:67,0
DA:68,0
DA:73,1
DA:74,0
DA:75,0
DA:76,0
DA:77,0
DA:78,0
DA:80,0
DA:82,0
DA:83,0
DA:85,0
DA:86,0
DA:91,1
DA:92,0
DA:93,0
DA:94,0
DA:95,0
DA:96,0
DA:97,0
DA:98,0
DA:99,0
DA:100,0
DA:101,0
DA:102,0
DA:104,0
DA:105,0
DA:107,0
DA:108,0
DA:113,1
DA:114,0
DA:115,0
DA:116,0
DA:117,0
DA:118,0
DA:119,0
DA:120,0
DA:121,0
DA:123,0
DA:124,0
DA:125,0
DA:127,0
DA:128,0
DA:133,1
DA:134,0
DA:135,0
DA:136,0
DA:137,0
DA:138,0
DA:140,0
DA:141,0
DA:142,0
DA:144,0
DA:145,0
DA:147,0
DA:148,0
DA:153,1
DA:154,0
DA:155,0
DA:156,0
DA:157,0
DA:159,1
DA:160,0
DA:161,0
DA:162,0
DA:163,0
DA:164,0
DA:166,0
DA:167,0
DA:171,1
DA:172,0
DA:173,0
DA:174,0
DA:175,0
DA:176,0
DA:182,0
DA:188,0
DA:189,0
DA:191,0
DA:192,0
DA:197,1
DA:198,0
DA:199,0
DA:200,0
DA:201,0
DA:203,0
DA:204,0
DA:208,1
DA:209,0
DA:210,0
DA:211,0
DA:212,0
DA:214,0
DA:215,0
DA:219,1
DA:220,0
DA:221,0
DA:222,0
DA:223,0
DA:224,0
DA:226,0
DA:235,0
DA:237,0
DA:238,0
DA:239,0
DA:240,0
DA:241,0
DA:242,0
DA:244,0
DA:245,0
DA:249,1
DA:250,0
DA:251,0
DA:252,0
DA:253,0
DA:254,0
DA:255,0
DA:257,0
DA:258,0
DA:260,0
DA:261,0
DA:266,1
DA:267,0
DA:268,0
DA:269,0
DA:270,0
DA:272,0
DA:273,0
DA:277,1
DA:278,0
DA:279,0
DA:280,0
DA:281,0
DA:283,0
DA:284,0
DA:288,1
LF:167
LH:19
BRDA:21,0,0,0
BRDA:21,0,1,0
BRDA:37,1,0,0
BRDA:37,1,1,0
BRDA:39,2,0,0
BRDA:39,2,1,0
BRDA:41,3,0,0
BRDA:41,3,1,0
BRDA:43,4,0,0
BRDA:43,4,1,0
BRDA:45,5,0,0
BRDA:45,5,1,0
BRDA:59,6,0,0
BRDA:59,6,1,0
BRDA:64,7,0,0
BRDA:64,7,1,0
BRDA:77,8,0,0
BRDA:77,8,1,0
BRDA:82,9,0,0
BRDA:82,9,1,0
BRDA:95,10,0,0
BRDA:95,10,1,0
BRDA:97,11,0,0
BRDA:97,11,1,0
BRDA:97,12,0,0
BRDA:97,12,1,0
BRDA:97,12,2,0
BRDA:99,13,0,0
BRDA:99,13,1,0
BRDA:99,14,0,0
BRDA:99,14,1,0
BRDA:99,14,2,0
BRDA:104,15,0,0
BRDA:104,15,1,0
BRDA:117,16,0,0
BRDA:117,16,1,0
BRDA:119,17,0,0
BRDA:119,17,1,0
BRDA:123,18,0,0
BRDA:123,18,1,0
BRDA:124,19,0,0
BRDA:124,19,1,0
BRDA:137,20,0,0
BRDA:137,20,1,0
BRDA:141,21,0,0
BRDA:141,21,1,0
BRDA:144,22,0,0
BRDA:144,22,1,0
BRDA:156,23,0,0
BRDA:156,23,1,0
BRDA:163,24,0,0
BRDA:163,24,1,0
BRDA:175,25,0,0
BRDA:175,25,1,0
BRDA:188,26,0,0
BRDA:188,26,1,0
BRDA:223,27,0,0
BRDA:223,27,1,0
BRDA:237,28,0,0
BRDA:237,28,1,0
BRDA:239,29,0,0
BRDA:239,29,1,0
BRDA:241,30,0,0
BRDA:241,30,1,0
BRDA:253,31,0,0
BRDA:253,31,1,0
BRDA:257,32,0,0
BRDA:257,32,1,0
BRF:68
BRH:0
end_of_record
TN:
SF:middlewares\auth_middleware.js
FN:6,(anonymous_0)
FN:66,verifyToken
FNF:2
FNH:0
FNDA:0,(anonymous_0)
FNDA:0,verifyToken
DA:1,1
DA:2,1
DA:3,1
DA:4,1
DA:6,1
DA:7,0
DA:8,0
DA:9,0
DA:10,0
DA:13,0
DA:14,0
DA:20,0
DA:23,0
DA:24,0
DA:25,0
DA:27,0
DA:28,0
DA:29,0
DA:30,0
DA:33,0
DA:34,0
DA:35,0
DA:36,0
DA:37,0
DA:38,0
DA:39,0
DA:40,0
DA:41,0
DA:42,0
DA:43,0
DA:44,0
DA:45,0
DA:46,0
DA:47,0
DA:52,0
DA:56,0
DA:57,0
DA:58,0
DA:59,0
DA:62,0
DA:67,0
DA:68,0
DA:70,0
LF:43
LH:5
BRDA:9,0,0,0
BRDA:9,0,1,0
BRDA:14,1,0,0
BRDA:14,1,1,0
BRDA:15,2,0,0
BRDA:15,2,1,0
BRDA:15,2,2,0
BRDA:15,2,3,0
BRDA:25,3,0,0
BRDA:25,3,1,0
BRDA:34,4,0,0
BRDA:34,4,1,0
BRDA:39,5,0,0
BRDA:39,5,1,0
BRDA:43,6,0,0
BRDA:43,6,1,0
BRF:16
BRH:0
end_of_record
TN:
SF:middlewares\error_handler_middleware.js
FN:1,(anonymous_0)
FNF:1
FNH:0
FNDA:0,(anonymous_0)
DA:1,1
DA:2,0
DA:3,0
DA:5,0
DA:18,0
LF:5
LH:1
BRDA:3,0,0,0
BRDA:3,0,1,0
BRDA:22,1,0,0
BRDA:22,1,1,0
BRF:4
BRH:0
end_of_record
TN:
SF:middlewares\multerS3_middleware.js
FN:21,(anonymous_0)
FNF:1
FNH:0
FNDA:0,(anonymous_0)
DA:1,1
DA:2,1
DA:3,1
DA:4,1
DA:5,1
DA:6,1
DA:9,1
DA:15,1
DA:22,0
DA:23,0
DA:29,1
LF:11
LH:9
BRF:0
BRH:0
end_of_record
TN:
SF:middlewares\wrapAsyncController.js
FN:1,(anonymous_0)
FN:2,(anonymous_1)
FNF:2
FNH:1
FNDA:11,(anonymous_0)
FNDA:0,(anonymous_1)
DA:1,1
DA:2,11
DA:4,0
DA:8,1
LF:4
LH:3
BRF:0
BRH:0
end_of_record
TN:
SF:models\index.js
FN:21,(anonymous_0)
FN:24,(anonymous_1)
FN:29,(anonymous_2)
FNF:3
FNH:3
FNDA:12,(anonymous_0)
FNDA:10,(anonymous_1)
FNDA:10,(anonymous_2)
DA:2,2
DA:4,2
DA:5,2
DA:6,2
DA:7,2
DA:8,2
DA:9,2
DA:10,2
DA:11,2
DA:14,2
DA:15,0
DA:17,2
DA:20,2
DA:22,12
DA:25,10
DA:26,10
DA:29,2
DA:30,10
DA:31,10
DA:35,2
DA:36,2
DA:38,2
DA:42,2
LF:23
LH:22
BRDA:9,0,0,2
BRDA:9,0,1,0
BRDA:14,1,0,0
BRDA:14,1,1,2
BRDA:22,2,0,12
BRDA:22,2,1,12
BRDA:22,2,2,10
BRDA:30,3,0,10
BRDA:30,3,1,0
BRF:9
BRH:6
end_of_record
TN:
SF:models\opens.js
FN:3,(anonymous_0)
FN:10,(anonymous_1)
FNF:2
FNH:2
FNDA:2,(anonymous_0)
FNDA:2,(anonymous_1)
DA:2,2
DA:3,2
DA:14,2
DA:62,2
LF:4
LH:4
BRF:0
BRH:0
end_of_record
TN:
SF:models\places.js
FN:3,(anonymous_0)
FN:10,(anonymous_1)
FNF:2
FNH:2
FNDA:2,(anonymous_0)
FNDA:2,(anonymous_1)
DA:2,2
DA:3,2
DA:13,2
DA:74,2
LF:4
LH:4
BRF:0
BRH:0
end_of_record
TN:
SF:models\reservations.js
FN:3,(anonymous_0)
FN:10,(anonymous_1)
FNF:2
FNH:2
FNDA:2,(anonymous_0)
FNDA:2,(anonymous_1)
DA:2,2
DA:3,2
DA:21,2
DA:73,2
LF:4
LH:4
BRF:0
BRH:0
end_of_record
TN:
SF:models\teams.js
FN:3,(anonymous_0)
FN:10,(anonymous_1)
FNF:2
FNH:2
FNDA:2,(anonymous_0)
FNDA:2,(anonymous_1)
DA:2,2
DA:3,2
DA:17,2
DA:69,2
LF:4
LH:4
BRF:0
BRH:0
end_of_record
TN:
SF:models\users.js
FN:3,(anonymous_0)
FN:10,(anonymous_1)
FNF:2
FNH:2
FNDA:2,(anonymous_0)
FNDA:2,(anonymous_1)
DA:2,2
DA:3,2
DA:17,2
DA:87,2
LF:4
LH:4
BRF:0
BRH:0
end_of_record
TN:
SF:repositories\placesRepository.js
FN:17,(anonymous_0)
FN:47,(anonymous_1)
FN:55,(anonymous_2)
FN:62,(anonymous_3)
FN:72,(anonymous_4)
FN:80,(anonymous_5)
FN:87,(anonymous_6)
FN:93,(anonymous_7)
FN:94,(anonymous_8)
FN:95,(anonymous_9)
FN:105,(anonymous_10)
FN:136,(anonymous_11)
FN:158,(anonymous_12)
FN:165,(anonymous_13)
FN:172,(anonymous_14)
FN:179,(anonymous_15)
FN:186,(anonymous_16)
FN:193,(anonymous_17)
FNF:18
FNH:0
FNDA:0,(anonymous_0)
FNDA:0,(anonymous_1)
FNDA:0,(anonymous_2)
FNDA:0,(anonymous_3)
FNDA:0,(anonymous_4)
FNDA:0,(anonymous_5)
FNDA:0,(anonymous_6)
FNDA:0,(anonymous_7)
FNDA:0,(anonymous_8)
FNDA:0,(anonymous_9)
FNDA:0,(anonymous_10)
FNDA:0,(anonymous_11)
FNDA:0,(anonymous_12)
FNDA:0,(anonymous_13)
FNDA:0,(anonymous_14)
FNDA:0,(anonymous_15)
FNDA:0,(anonymous_16)
FNDA:0,(anonymous_17)
DA:1,1
DA:2,1
DA:3,1
DA:5,1
DA:12,1
DA:17,1
DA:30,0
DA:44,0
DA:47,1
DA:49,0
DA:51,0
DA:55,1
DA:56,0
DA:58,0
DA:62,1
DA:63,0
DA:68,0
DA:72,1
DA:73,0
DA:74,0
DA:76,0
DA:80,1
DA:81,0
DA:83,0
DA:87,1
DA:88,0
DA:90,0
DA:93,1
DA:94,0
DA:95,0
DA:96,0
DA:97,0
DA:99,0
DA:105,1
DA:107,0
DA:109,0
DA:111,0
DA:112,0
DA:113,0
DA:114,0
DA:115,0
DA:116,0
DA:118,0
DA:119,0
DA:120,0
DA:121,0
DA:122,0
DA:123,0
DA:126,0
DA:127,0
DA:128,0
DA:129,0
DA:130,0
DA:136,1
DA:149,0
DA:153,0
DA:154,0
DA:158,1
DA:159,0
DA:161,0
DA:165,1
DA:166,0
DA:168,0
DA:172,1
DA:173,0
DA:175,0
DA:179,1
DA:180,0
DA:182,0
DA:186,1
DA:187,0
DA:189,0
DA:193,1
DA:194,0
DA:195,0
DA:197,0
DA:201,1
LF:77
LH:22
BRDA:96,0,0,0
BRDA:96,0,1,0
BRDA:111,1,0,0
BRDA:111,1,1,0
BRDA:118,2,0,0
BRDA:118,2,1,0
BRF:6
BRH:0
end_of_record
TN:
SF:repositories\reservationsRepository.js
FN:9,(anonymous_0)
FN:18,(anonymous_1)
FN:25,(anonymous_2)
FN:27,(anonymous_3)
FN:35,(anonymous_4)
FN:45,(anonymous_5)
FN:51,(anonymous_6)
FN:57,(anonymous_7)
FN:63,(anonymous_8)
FN:72,(anonymous_9)
FN:81,(anonymous_10)
FN:97,(anonymous_11)
FN:98,(anonymous_12)
FN:117,(anonymous_13)
FN:128,(anonymous_14)
FN:143,(anonymous_15)
FN:150,(anonymous_16)
FN:160,(anonymous_17)
FNF:18
FNH:5
FNDA:6,(anonymous_0)
FNDA:6,(anonymous_1)
FNDA:6,(anonymous_2)
FNDA:231,(anonymous_3)
FNDA:6,(anonymous_4)
FNDA:0,(anonymous_5)
FNDA:0,(anonymous_6)
FNDA:0,(anonymous_7)
FNDA:0,(anonymous_8)
FNDA:0,(anonymous_9)
FNDA:0,(anonymous_10)
FNDA:0,(anonymous_11)
FNDA:0,(anonymous_12)
FNDA:0,(anonymous_13)
FNDA:0,(anonymous_14)
FNDA:0,(anonymous_15)
FNDA:0,(anonymous_16)
FNDA:0,(anonymous_17)
DA:1,2
DA:2,2
DA:3,2
DA:4,2
DA:9,4
DA:10,6
DA:14,6
DA:18,4
DA:19,6
DA:20,6
DA:21,6
DA:22,6
DA:25,4
DA:26,6
DA:27,231
DA:28,6
DA:29,6
DA:30,6
DA:35,4
DA:36,6
DA:37,6
DA:38,6
DA:39,6
DA:40,6
DA:41,6
DA:45,4
DA:46,0
DA:47,0
DA:51,4
DA:52,0
DA:53,0
DA:57,4
DA:58,0
DA:59,0
DA:63,4
DA:64,0
DA:68,0
DA:72,4
DA:73,0
DA:74,0
DA:75,0
DA:76,0
DA:77,0
DA:78,0
DA:79,0
DA:80,0
DA:81,0
DA:83,0
DA:84,0
DA:85,0
DA:86,0
DA:87,0
DA:88,0
DA:89,0
DA:90,0
DA:93,0
DA:97,4
DA:98,0
DA:99,0
DA:100,0
DA:101,0
DA:104,0
DA:117,4
DA:118,0
DA:124,0
DA:125,0
DA:128,4
DA:129,0
DA:138,0
DA:143,4
DA:144,0
DA:145,0
DA:146,0
DA:150,4
DA:151,0
DA:152,0
DA:153,0
DA:154,0
DA:155,0
DA:156,0
DA:160,4
DA:161,0
DA:162,0
DA:163,0
DA:164,0
DA:165,0
DA:166,0
DA:170,2
LF:88
LH:37
BRDA:28,0,0,6
BRDA:28,0,1,0
BRDA:83,1,0,0
BRDA:83,1,1,0
BRDA:86,2,0,0
BRDA:86,2,1,0
BRF:6
BRH:1
end_of_record
TN:
SF:repositories\teamsRepository.js
FN:6,(anonymous_0)
FN:15,(anonymous_1)
FN:26,(anonymous_2)
FN:32,(anonymous_3)
FN:38,(anonymous_4)
FN:44,(anonymous_5)
FN:50,(anonymous_6)
FN:56,(anonymous_7)
FN:62,(anonymous_8)
FN:69,(anonymous_9)
FN:78,(anonymous_10)
FNF:11
FNH:0
FNDA:0,(anonymous_0)
FNDA:0,(anonymous_1)
FNDA:0,(anonymous_2)
FNDA:0,(anonymous_3)
FNDA:0,(anonymous_4)
FNDA:0,(anonymous_5)
FNDA:0,(anonymous_6)
FNDA:0,(anonymous_7)
FNDA:0,(anonymous_8)
FNDA:0,(anonymous_9)
FNDA:0,(anonymous_10)
DA:1,1
DA:6,1
DA:7,0
DA:11,0
DA:15,1
DA:16,0
DA:20,0
DA:21,0
DA:22,0
DA:26,1
DA:27,0
DA:28,0
DA:32,1
DA:33,0
DA:34,0
DA:38,1
DA:39,0
DA:40,0
DA:44,1
DA:45,0
DA:46,0
DA:50,1
DA:51,0
DA:52,0
DA:56,1
DA:57,0
DA:58,0
DA:62,1
DA:63,0
DA:64,0
DA:65,0
DA:69,1
DA:70,0
DA:71,0
DA:72,0
DA:73,0
DA:74,0
DA:78,1
DA:79,0
DA:80,0
DA:85,1
LF:41
LH:13
BRF:0
BRH:0
end_of_record
TN:
SF:repositories\usersRepository.js
FN:16,(anonymous_0)
FN:35,(anonymous_1)
FN:41,(anonymous_2)
FN:47,(anonymous_3)
FN:53,(anonymous_4)
FN:59,(anonymous_5)
FN:75,(anonymous_6)
FN:79,(anonymous_7)
FN:84,(anonymous_8)
FN:90,(anonymous_9)
FN:97,(anonymous_10)
FN:106,(anonymous_11)
FN:111,(anonymous_12)
FN:117,(anonymous_13)
FNF:14
FNH:0
FNDA:0,(anonymous_0)
FNDA:0,(anonymous_1)
FNDA:0,(anonymous_2)
FNDA:0,(anonymous_3)
FNDA:0,(anonymous_4)
FNDA:0,(anonymous_5)
FNDA:0,(anonymous_6)
FNDA:0,(anonymous_7)
FNDA:0,(anonymous_8)
FNDA:0,(anonymous_9)
FNDA:0,(anonymous_10)
FNDA:0,(anonymous_11)
FNDA:0,(anonymous_12)
FNDA:0,(anonymous_13)
DA:1,1
DA:16,1
DA:18,0
DA:19,0
DA:20,0
DA:21,0
DA:31,0
DA:35,1
DA:36,0
DA:37,0
DA:38,0
DA:41,1
DA:42,0
DA:43,0
DA:47,1
DA:48,0
DA:49,0
DA:53,1
DA:54,0
DA:55,0
DA:56,0
DA:59,1
DA:60,0
DA:61,0
DA:75,1
DA:76,0
DA:77,0
DA:79,1
DA:80,0
DA:81,0
DA:84,1
DA:85,0
DA:86,0
DA:90,1
DA:91,0
DA:95,0
DA:97,1
DA:98,0
DA:99,0
DA:101,0
DA:102,0
DA:106,1
DA:107,0
DA:108,0
DA:111,1
DA:112,0
DA:113,0
DA:117,1
DA:118,0
DA:119,0
DA:123,1
LF:51
LH:16
BRDA:19,0,0,0
BRDA:19,0,1,0
BRDA:20,1,0,0
BRDA:20,1,1,0
BRDA:37,2,0,0
BRDA:37,2,1,0
BRDA:55,3,0,0
BRDA:55,3,1,0
BRDA:98,4,0,0
BRDA:98,4,1,0
BRF:10
BRH:0
end_of_record
TN:
SF:routes\index.js
FNF:0
FNH:0
DA:1,1
DA:2,1
DA:3,1
DA:4,1
DA:5,1
DA:6,1
DA:7,1
DA:8,1
DA:11,1
DA:15,1
DA:16,1
DA:17,1
DA:18,1
DA:19,1
DA:21,1
DA:23,1
LF:16
LH:16
BRF:0
BRH:0
end_of_record
TN:
SF:routes\places.js
FNF:0
FNH:0
DA:1,1
DA:2,1
DA:4,1
DA:5,1
DA:6,1
DA:7,1
DA:12,1
DA:15,1
DA:18,1
DA:21,1
DA:24,1
DA:28,1
DA:32,1
DA:35,1
DA:38,1
DA:41,1
DA:44,1
DA:47,1
DA:54,1
LF:19
LH:19
BRF:0
BRH:0
end_of_record
TN:
SF:routes\reservations.js
FNF:0
FNH:0
DA:1,1
DA:2,1
DA:4,1
DA:5,1
DA:6,1
DA:7,1
DA:11,1
DA:14,1
DA:17,1
DA:20,1
DA:23,1
DA:26,1
DA:28,1
LF:13
LH:13
BRF:0
BRH:0
end_of_record
TN:
SF:routes\teams.js
FNF:0
FNH:0
DA:1,1
DA:2,1
DA:4,1
DA:5,1
DA:6,1
DA:7,1
DA:8,1
DA:12,1
DA:15,1
DA:18,1
DA:21,1
DA:24,1
DA:27,1
LF:13
LH:13
BRF:0
BRH:0
end_of_record
TN:
SF:routes\users.js
FNF:0
FNH:0
DA:1,1
DA:2,1
DA:3,1
DA:4,1
DA:5,1
DA:6,1
DA:8,1
DA:9,1
DA:10,1
DA:11,1
DA:12,1
DA:13,1
DA:14,1
DA:15,1
DA:16,1
DA:17,1
DA:18,1
DA:19,1
DA:20,1
DA:21,1
DA:22,1
DA:24,1
LF:22
LH:22
BRF:0
BRH:0
end_of_record
TN:
SF:routes\auth\google.js
FN:16,(anonymous_0)
FNF:1
FNH:0
FNDA:0,(anonymous_0)
DA:1,1
DA:2,1
DA:3,1
DA:4,1
DA:5,1
DA:6,1
DA:7,1
DA:9,1
DA:10,1
DA:11,1
DA:13,1
DA:14,1
DA:16,1
DA:17,0
DA:18,0
DA:20,0
DA:22,0
DA:25,0
DA:26,0
DA:27,0
DA:33,0
DA:34,0
DA:35,0
DA:36,0
DA:37,0
DA:39,0
DA:42,0
DA:45,0
DA:46,0
DA:47,0
DA:53,0
DA:59,0
DA:60,0
DA:64,1
LF:34
LH:14
BRDA:34,0,0,0
BRDA:34,0,1,0
BRDA:36,1,0,0
BRDA:36,1,1,0
BRDA:46,2,0,0
BRDA:46,2,1,0
BRF:6
BRH:0
end_of_record
TN:
SF:routes\auth\kakao.js
FN:15,(anonymous_0)
FN:64,(anonymous_1)
FNF:2
FNH:0
FNDA:0,(anonymous_0)
FNDA:0,(anonymous_1)
DA:1,1
DA:2,1
DA:3,1
DA:4,1
DA:5,1
DA:6,1
DA:7,1
DA:8,1
DA:9,1
DA:10,1
DA:12,1
DA:13,1
DA:15,1
DA:16,0
DA:17,0
DA:18,0
DA:26,0
DA:27,0
DA:33,0
DA:34,0
DA:35,0
DA:36,0
DA:37,0
DA:39,0
DA:42,0
DA:45,0
DA:46,0
DA:47,0
DA:53,0
DA:59,0
DA:60,0
DA:64,1
DA:65,0
DA:66,0
DA:67,0
DA:68,0
DA:69,0
DA:71,0
DA:72,0
DA:73,0
DA:75,0
DA:76,0
DA:77,0
DA:79,0
DA:81,0
DA:82,0
DA:83,0
DA:86,0
DA:87,0
DA:88,0
DA:89,0
DA:90,0
DA:91,0
DA:93,0
DA:94,0
DA:105,0
DA:107,0
DA:108,0
DA:109,0
DA:110,0
DA:111,0
DA:112,0
DA:113,0
DA:114,0
DA:115,0
DA:116,0
DA:118,0
DA:119,0
DA:124,1
LF:69
LH:15
BRDA:34,0,0,0
BRDA:34,0,1,0
BRDA:36,1,0,0
BRDA:36,1,1,0
BRDA:46,2,0,0
BRDA:46,2,1,0
BRDA:68,3,0,0
BRDA:68,3,1,0
BRDA:72,4,0,0
BRDA:72,4,1,0
BRDA:76,5,0,0
BRDA:76,5,1,0
BRDA:79,6,0,0
BRDA:79,6,1,0
BRDA:82,7,0,0
BRDA:82,7,1,0
BRDA:86,8,0,0
BRDA:86,8,1,0
BRDA:87,9,0,0
BRDA:87,9,1,0
BRDA:107,10,0,0
BRDA:107,10,1,0
BRDA:109,11,0,0
BRDA:109,11,1,0
BRDA:111,12,0,0
BRDA:111,12,1,0
BRDA:113,13,0,0
BRDA:113,13,1,0
BRDA:115,14,0,0
BRDA:115,14,1,0
BRF:30
BRH:0
end_of_record
TN:
SF:routes\auth\naver.js
FNF:0
FNH:0
LF:0
LH:0
BRF:0
BRH:0
end_of_record
TN:
SF:services\placesService.js
FN:7,(anonymous_0)
FN:64,(anonymous_1)
FN:72,(anonymous_2)
FN:80,(anonymous_3)
FN:88,(anonymous_4)
FN:103,(anonymous_5)
FN:118,(anonymous_6)
FN:136,(anonymous_7)
FN:185,(anonymous_8)
FN:223,(anonymous_9)
FN:231,(anonymous_10)
FN:248,(anonymous_11)
FNF:12
FNH:0
FNDA:0,(anonymous_0)
FNDA:0,(anonymous_1)
FNDA:0,(anonymous_2)
FNDA:0,(anonymous_3)
FNDA:0,(anonymous_4)
FNDA:0,(anonymous_5)
FNDA:0,(anonymous_6)
FNDA:0,(anonymous_7)
FNDA:0,(anonymous_8)
FNDA:0,(anonymous_9)
FNDA:0,(anonymous_10)
FNDA:0,(anonymous_11)
DA:1,1
DA:4,1
DA:7,1
DA:20,0
DA:22,0
DA:23,0
DA:30,0
DA:31,0
DA:39,0
DA:40,0
DA:47,0
DA:61,0
DA:64,1
DA:67,0
DA:69,0
DA:72,1
DA:75,0
DA:77,0
DA:80,1
DA:83,0
DA:85,0
DA:88,1
DA:91,0
DA:93,0
DA:94,0
DA:95,0
DA:96,0
DA:97,0
DA:100,0
DA:103,1
DA:106,0
DA:108,0
DA:109,0
DA:110,0
DA:111,0
DA:112,0
DA:115,0
DA:118,1
DA:121,0
DA:123,0
DA:124,0
DA:125,0
DA:126,0
DA:127,0
DA:128,0
DA:129,0
DA:132,0
DA:136,1
DA:149,0
DA:152,0
DA:153,0
DA:154,0
DA:155,0
DA:156,0
DA:160,0
DA:161,0
DA:162,0
DA:163,0
DA:164,0
DA:167,0
DA:181,0
DA:185,1
DA:186,0
DA:187,0
DA:189,0
DA:192,0
DA:193,0
DA:194,0
DA:195,0
DA:196,0
DA:200,0
DA:201,0
DA:202,0
DA:203,0
DA:204,0
DA:208,0
DA:209,0
DA:210,0
DA:211,0
DA:212,0
DA:215,0
DA:220,0
DA:223,1
DA:226,0
DA:228,0
DA:231,1
DA:234,0
DA:238,0
DA:239,0
DA:240,0
DA:241,0
DA:242,0
DA:245,0
DA:248,1
DA:251,0
DA:253,0
DA:254,0
DA:255,0
DA:256,0
DA:257,0
DA:260,0
DA:264,1
LF:102
LH:15
BRDA:22,0,0,0
BRDA:22,0,1,0
BRDA:22,1,0,0
BRDA:22,1,1,0
BRDA:22,1,2,0
BRDA:22,1,3,0
BRDA:22,1,4,0
BRDA:22,1,5,0
BRDA:22,1,6,0
BRDA:22,1,7,0
BRDA:30,2,0,0
BRDA:30,2,1,0
BRDA:39,3,0,0
BRDA:39,3,1,0
BRDA:93,4,0,0
BRDA:93,4,1,0
BRDA:108,5,0,0
BRDA:108,5,1,0
BRDA:123,6,0,0
BRDA:123,6,1,0
BRDA:123,7,0,0
BRDA:123,7,1,0
BRDA:152,8,0,0
BRDA:152,8,1,0
BRDA:160,9,0,0
BRDA:160,9,1,0
BRDA:192,10,0,0
BRDA:192,10,1,0
BRDA:200,11,0,0
BRDA:200,11,1,0
BRDA:208,12,0,0
BRDA:208,12,1,0
BRDA:238,13,0,0
BRDA:238,13,1,0
BRDA:253,14,0,0
BRDA:253,14,1,0
BRF:36
BRH:0
end_of_record
TN:
SF:services\reservationsService.js
FN:9,(anonymous_0)
FN:77,(anonymous_1)
FN:83,(anonymous_2)
FN:90,(anonymous_3)
FN:96,(anonymous_4)
FN:122,(anonymous_5)
FN:128,(anonymous_6)
FN:134,(anonymous_7)
FN:140,(anonymous_8)
FN:142,(anonymous_9)
FNF:10
FNH:0
FNDA:0,(anonymous_0)
FNDA:0,(anonymous_1)
FNDA:0,(anonymous_2)
FNDA:0,(anonymous_3)
FNDA:0,(anonymous_4)
FNDA:0,(anonymous_5)
FNDA:0,(anonymous_6)
FNDA:0,(anonymous_7)
FNDA:0,(anonymous_8)
FNDA:0,(anonymous_9)
DA:1,1
DA:2,1
DA:3,1
DA:7,2
DA:9,2
DA:10,0
DA:11,0
DA:12,0
DA:13,0
DA:14,0
DA:15,0
DA:16,0
DA:19,0
DA:20,0
DA:21,0
DA:22,0
DA:23,0
DA:24,0
DA:25,0
DA:28,0
DA:29,0
DA:30,0
DA:31,0
DA:32,0
DA:33,0
DA:34,0
DA:36,0
DA:37,0
DA:38,0
DA:39,0
DA:40,0
DA:41,0
DA:45,0
DA:46,0
DA:47,0
DA:48,0
DA:49,0
DA:50,0
DA:53,0
DA:54,0
DA:55,0
DA:56,0
DA:57,0
DA:58,0
DA:59,0
DA:62,0
DA:64,0
DA:70,0
DA:72,0
DA:77,2
DA:78,0
DA:79,0
DA:83,2
DA:84,0
DA:85,0
DA:86,0
DA:90,2
DA:91,0
DA:92,0
DA:96,2
DA:97,0
DA:99,0
DA:100,0
DA:101,0
DA:102,0
DA:103,0
DA:104,0
DA:105,0
DA:106,0
DA:108,0
DA:109,0
DA:110,0
DA:113,0
DA:114,0
DA:115,0
DA:116,0
DA:118,0
DA:122,2
DA:123,0
DA:124,0
DA:128,2
DA:129,0
DA:130,0
DA:134,2
DA:135,0
DA:136,0
DA:140,2
DA:141,0
DA:142,0
DA:143,0
DA:144,0
DA:145,0
DA:146,0
DA:147,0
DA:148,0
DA:149,0
DA:152,0
DA:153,0
DA:154,0
DA:155,0
DA:156,0
DA:159,0
DA:160,0
DA:161,0
DA:162,0
DA:163,0
DA:164,0
DA:167,0
DA:168,0
DA:169,0
DA:170,0
DA:171,0
DA:174,0
DA:175,0
DA:176,0
DA:177,0
DA:180,0
DA:181,0
DA:182,0
DA:183,0
DA:184,0
DA:185,0
DA:189,0
DA:190,0
DA:191,0
DA:192,0
DA:193,0
DA:194,0
DA:198,0
DA:199,0
DA:200,0
DA:204,0
DA:205,0
DA:209,1
LF:134
LH:14
BRDA:11,0,0,0
BRDA:11,0,1,0
BRDA:20,1,0,0
BRDA:20,1,1,0
BRDA:28,2,0,0
BRDA:28,2,1,0
BRDA:29,3,0,0
BRDA:29,3,1,0
BRDA:36,4,0,0
BRDA:36,4,1,0
BRDA:45,5,0,0
BRDA:45,5,1,0
BRDA:54,6,0,0
BRDA:54,6,1,0
BRDA:70,7,0,0
BRDA:70,7,1,0
BRDA:106,8,0,0
BRDA:106,8,1,0
BRDA:144,9,0,0
BRDA:144,9,1,0
BRDA:180,10,0,0
BRDA:180,10,1,0
BRDA:180,11,0,0
BRDA:180,11,1,0
BRDA:189,12,0,0
BRDA:189,12,1,0
BRDA:198,13,0,0
BRDA:198,13,1,0
BRDA:198,14,0,0
BRDA:198,14,1,0
BRF:30
BRH:0
end_of_record
TN:
SF:services\teamsService.js
FN:12,(anonymous_0)
FN:25,(anonymous_1)
FN:38,(anonymous_2)
FN:47,(anonymous_3)
FN:62,(anonymous_4)
FN:86,(anonymous_5)
FNF:6
FNH:0
FNDA:0,(anonymous_0)
FNDA:0,(anonymous_1)
FNDA:0,(anonymous_2)
FNDA:0,(anonymous_3)
FNDA:0,(anonymous_4)
FNDA:0,(anonymous_5)
DA:1,1
DA:2,1
DA:3,1
DA:7,1
DA:8,1
DA:9,1
DA:12,1
DA:13,0
DA:14,0
DA:15,0
DA:16,0
DA:17,0
DA:18,0
DA:19,0
DA:21,0
DA:25,1
DA:26,0
DA:27,0
DA:28,0
DA:29,0
DA:30,0
DA:31,0
DA:32,0
DA:34,0
DA:38,1
DA:39,0
DA:40,0
DA:41,0
DA:42,0
DA:43,0
DA:44,0
DA:46,0
DA:47,0
DA:48,0
DA:50,0
DA:51,0
DA:52,0
DA:53,0
DA:54,0
DA:55,0
DA:57,0
DA:58,0
DA:62,1
DA:63,0
DA:64,0
DA:65,0
DA:66,0
DA:67,0
DA:68,0
DA:69,0
DA:71,0
DA:72,0
DA:73,0
DA:74,0
DA:75,0
DA:76,0
DA:77,0
DA:78,0
DA:80,0
DA:81,0
DA:82,0
DA:86,1
DA:87,0
DA:88,0
DA:89,0
DA:90,0
DA:91,0
DA:92,0
DA:93,0
DA:94,0
DA:97,0
DA:98,0
DA:99,0
DA:100,0
DA:101,0
DA:102,0
DA:104,0
DA:105,0
DA:106,0
DA:107,0
DA:108,0
DA:109,0
DA:111,0
DA:112,0
DA:116,1
LF:85
LH:12
BRDA:14,0,0,0
BRDA:14,0,1,0
BRDA:27,1,0,0
BRDA:27,1,1,0
BRDA:39,2,0,0
BRDA:39,2,1,0
BRDA:39,3,0,0
BRDA:39,3,1,0
BRDA:39,3,2,0
BRDA:50,4,0,0
BRDA:50,4,1,0
BRDA:64,5,0,0
BRDA:64,5,1,0
BRDA:71,6,0,0
BRDA:71,6,1,0
BRDA:73,7,0,0
BRDA:73,7,1,0
BRDA:80,8,0,0
BRDA:80,8,1,0
BRDA:94,9,0,0
BRDA:94,9,1,0
BRDA:97,10,0,0
BRDA:97,10,1,0
BRDA:104,11,0,0
BRDA:104,11,1,0
BRF:25
BRH:0
end_of_record
TN:
SF:services\usersService.js
FN:11,(anonymous_0)
FN:63,(anonymous_1)
FN:69,(anonymous_2)
FN:77,(anonymous_3)
FN:82,(anonymous_4)
FN:88,(anonymous_5)
FN:105,(anonymous_6)
FN:112,(anonymous_7)
FN:122,(anonymous_8)
FN:132,(anonymous_9)
FN:137,(anonymous_10)
FN:165,(anonymous_11)
FN:170,(anonymous_12)
FN:200,(anonymous_13)
FN:206,(anonymous_14)
FN:211,(anonymous_15)
FNF:16
FNH:0
FNDA:0,(anonymous_0)
FNDA:0,(anonymous_1)
FNDA:0,(anonymous_2)
FNDA:0,(anonymous_3)
FNDA:0,(anonymous_4)
FNDA:0,(anonymous_5)
FNDA:0,(anonymous_6)
FNDA:0,(anonymous_7)
FNDA:0,(anonymous_8)
FNDA:0,(anonymous_9)
FNDA:0,(anonymous_10)
FNDA:0,(anonymous_11)
FNDA:0,(anonymous_12)
FNDA:0,(anonymous_13)
FNDA:0,(anonymous_14)
FNDA:0,(anonymous_15)
DA:1,1
DA:2,1
DA:3,1
DA:4,1
DA:5,1
DA:6,1
DA:9,1
DA:11,1
DA:21,0
DA:22,0
DA:23,0
DA:25,0
DA:26,0
DA:27,0
DA:29,0
DA:30,0
DA:31,0
DA:33,0
DA:35,0
DA:36,0
DA:37,0
DA:40,0
DA:41,0
DA:42,0
DA:44,0
DA:54,0
DA:55,0
DA:56,0
DA:57,0
DA:60,0
DA:63,1
DA:64,0
DA:66,0
DA:69,1
DA:70,0
DA:71,0
DA:72,0
DA:74,0
DA:77,1
DA:78,0
DA:79,0
DA:82,1
DA:83,0
DA:84,0
DA:88,1
DA:89,0
DA:95,0
DA:96,0
DA:102,0
DA:103,0
DA:105,1
DA:106,0
DA:107,0
DA:108,0
DA:109,0
DA:112,1
DA:113,0
DA:114,0
DA:115,0
DA:122,1
DA:123,0
DA:124,0
DA:125,0
DA:126,0
DA:127,0
DA:128,0
DA:132,1
DA:133,0
DA:134,0
DA:137,1
DA:138,0
DA:140,0
DA:141,0
DA:143,0
DA:144,0
DA:145,0
DA:147,0
DA:148,0
DA:155,0
DA:158,0
DA:159,0
DA:165,1
DA:166,0
DA:167,0
DA:170,1
DA:171,0
DA:172,0
DA:173,0
DA:174,0
DA:177,0
DA:178,0
DA:179,0
DA:180,0
DA:183,0
DA:184,0
DA:185,0
DA:186,0
DA:188,0
DA:197,0
DA:198,0
DA:200,1
DA:201,0
DA:202,0
DA:203,0
DA:206,1
DA:207,0
DA:208,0
DA:211,1
DA:212,0
DA:213,0
DA:217,1
LF:111
LH:24
BRDA:22,0,0,0
BRDA:22,0,1,0
BRDA:26,1,0,0
BRDA:26,1,1,0
BRDA:30,2,0,0
BRDA:30,2,1,0
BRDA:33,3,0,0
BRDA:33,3,1,0
BRDA:36,4,0,0
BRDA:36,4,1,0
BRDA:55,5,0,0
BRDA:55,5,1,0
BRDA:71,6,0,0
BRDA:71,6,1,0
BRDA:107,7,0,0
BRDA:107,7,1,0
BRDA:114,8,0,0
BRDA:114,8,1,0
BRDA:127,9,0,0
BRDA:127,9,1,0
BRDA:140,10,0,0
BRDA:140,10,1,0
BRDA:144,11,0,0
BRDA:144,11,1,0
BRDA:171,12,0,0
BRDA:171,12,1,0
BRDA:173,13,0,0
BRDA:173,13,1,0
BRDA:177,14,0,0
BRDA:177,14,1,0
BRDA:179,15,0,0
BRDA:179,15,1,0
BRDA:183,16,0,0
BRDA:183,16,1,0
BRDA:202,17,0,0
BRDA:202,17,1,0
BRF:36
BRH:0
end_of_record
